#
# There is insufficient memory for the Java Runtime Environment to continue.
# Native memory allocation (malloc) failed to allocate 860480 bytes for Chunk::new
# Possible reasons:
#   The system is out of physical RAM or swap space
#   The process is running with CompressedOops enabled, and the Java Heap may be blocking the growth of the native heap
# Possible solutions:
#   Reduce memory load on the system
#   Increase physical memory or swap space
#   Check if swap backing store is full
#   Decrease Java heap size (-Xmx/-Xms)
#   Decrease number of Java threads
#   Decrease Java thread stack sizes (-Xss)
#   Set larger code cache with -XX:ReservedCodeCacheSize=
#   JVM is running with Unscaled Compressed Oops mode in which the Java heap is
#     placed in the first 4GB address space. The Java Heap base address is the
#     maximum limit for the native heap growth. Please use -XX:HeapBaseMinAddress
#     to set the Java Heap base and to place the Java Heap above 4GB virtual address.
# This output file may be truncated or incomplete.
#
#  Out of Memory Error (arena.cpp:184), pid=7704, tid=288
#
# JRE version: Java(TM) SE Runtime Environment (20.0+36) (build 20+36-2344)
# Java VM: Java HotSpot(TM) 64-Bit Server VM (20+36-2344, mixed mode, sharing, tiered, compressed oops, compressed class ptrs, g1 gc, windows-amd64)
# No core dump will be written. Minidumps are not enabled by default on client versions of Windows
#

---------------  S U M M A R Y ------------

Command Line: com.portafolio.Backendap.BackendApApplication

Host: Intel(R) Celeron(R) CPU  N2807  @ 1.58GHz, 2 cores, 3G,  Windows 8.1 , 64 bit Build 9600 (6.3.9600.20778)
Time: Sun May  7 01:26:25 2023 Hora estándar de Argentina elapsed time: 30.495328 seconds (0d 0h 0m 30s)

---------------  T H R E A D  ---------------

Current thread (0x0000002e4c85c110):  JavaThread "C2 CompilerThread0" daemon [_thread_in_native, id=288, stack(0x0000002e51300000,0x0000002e51400000)]


Current CompileTask:
C2:  30495 5008   !   4       org.springframework.core.annotation.AnnotationsScanner::processMethodHierarchy (276 bytes)

Stack: [0x0000002e51300000,0x0000002e51400000]
Native frames: (J=compiled Java code, j=interpreted, Vv=VM code, C=native code)
V  [jvm.dll+0x6bb95a]
V  [jvm.dll+0x8483aa]
V  [jvm.dll+0x849fa5]
V  [jvm.dll+0x84a6a3]
V  [jvm.dll+0x280b0f]
V  [jvm.dll+0xc2b11]
V  [jvm.dll+0xc2e35]
V  [jvm.dll+0x3bb17c]
V  [jvm.dll+0x3857f5]
V  [jvm.dll+0x384c6a]
V  [jvm.dll+0x24b259]
V  [jvm.dll+0x24a651]
V  [jvm.dll+0x1ce491]
V  [jvm.dll+0x259e1b]
V  [jvm.dll+0x2584f0]
V  [jvm.dll+0x3f2895]
V  [jvm.dll+0x7f4906]
V  [jvm.dll+0x6ba5cb]
C  [ucrtbase.DLL+0x214c2]
C  [KERNEL32.DLL+0x1412]
C  [ntdll.dll+0x15504]


---------------  P R O C E S S  ---------------

Threads class SMR info:
_java_thread_list=0x0000002e54abe960, length=15, elements={
0x0000002e31fc1170, 0x0000002e4c853a50, 0x0000002e4c855760, 0x0000002e4c856560,
0x0000002e4c858210, 0x0000002e4c85ab60, 0x0000002e4c85b4a0, 0x0000002e4c85c110,
0x0000002e4c8bc3b0, 0x0000002e515b3440, 0x0000002e515c6190, 0x0000002e522d0230,
0x0000002e520a7620, 0x0000002e52f69d90, 0x0000002e52f6a2e0
}

Java Threads: ( => current thread )
  0x0000002e31fc1170 JavaThread "main" [_thread_blocked, id=7940, stack(0x0000002e31650000,0x0000002e31750000)]
  0x0000002e4c853a50 JavaThread "Reference Handler" daemon [_thread_blocked, id=7288, stack(0x0000002e50d00000,0x0000002e50e00000)]
  0x0000002e4c855760 JavaThread "Finalizer" daemon [_thread_blocked, id=8532, stack(0x0000002e50e00000,0x0000002e50f00000)]
  0x0000002e4c856560 JavaThread "Signal Dispatcher" daemon [_thread_blocked, id=8328, stack(0x0000002e50f00000,0x0000002e51000000)]
  0x0000002e4c858210 JavaThread "Attach Listener" daemon [_thread_blocked, id=8024, stack(0x0000002e51000000,0x0000002e51100000)]
  0x0000002e4c85ab60 JavaThread "Service Thread" daemon [_thread_blocked, id=7488, stack(0x0000002e51100000,0x0000002e51200000)]
  0x0000002e4c85b4a0 JavaThread "Monitor Deflation Thread" daemon [_thread_blocked, id=1876, stack(0x0000002e51200000,0x0000002e51300000)]
=>0x0000002e4c85c110 JavaThread "C2 CompilerThread0" daemon [_thread_in_native, id=288, stack(0x0000002e51300000,0x0000002e51400000)]
  0x0000002e4c8bc3b0 JavaThread "C1 CompilerThread0" daemon [_thread_blocked, id=4460, stack(0x0000002e51400000,0x0000002e51500000)]
  0x0000002e515b3440 JavaThread "Notification Thread" daemon [_thread_blocked, id=6068, stack(0x0000002e51900000,0x0000002e51a00000)]
  0x0000002e515c6190 JavaThread "Common-Cleaner" daemon [_thread_blocked, id=8000, stack(0x0000002e51b00000,0x0000002e51c00000)]
  0x0000002e522d0230 JavaThread "Thread-0" [_thread_blocked, id=8224, stack(0x0000002e535d0000,0x0000002e536d0000)]
  0x0000002e520a7620 JavaThread "restartedMain" [_thread_in_vm, id=3616, stack(0x0000002e536d0000,0x0000002e537d0000)]
  0x0000002e52f69d90 JavaThread "mysql-cj-abandoned-connection-cleanup" daemon [_thread_blocked, id=5856, stack(0x0000002e55a50000,0x0000002e55b50000)]
  0x0000002e52f6a2e0 JavaThread "HikariPool-1 housekeeper" daemon [_thread_blocked, id=8596, stack(0x0000002e55c50000,0x0000002e55d50000)]

Other Threads:
  0x0000002e4c838970 VMThread "VM Thread" [stack: 0x0000002e4caf0000,0x0000002e4cbf0000] [id=4248]
  0x0000002e515ba560 WatcherThread "VM Periodic Task Thread" [stack: 0x0000002e51a00000,0x0000002e51b00000] [id=5136]
  0x0000002e32000780 WorkerThread "GC Thread#0" [stack: 0x0000002e4a1d0000,0x0000002e4a2d0000] [id=2272]
  0x0000002e518fc270 WorkerThread "GC Thread#1" [stack: 0x0000002e52400000,0x0000002e52500000] [id=3660]
  0x0000002e320092d0 ConcurrentGCThread "G1 Main Marker" [stack: 0x0000002e4a2d0000,0x0000002e4a3d0000] [id=7588]
  0x0000002e32009d00 WorkerThread "G1 Conc#0" [stack: 0x0000002e4a3d0000,0x0000002e4a4d0000] [id=4876]
  0x0000002e4c7008a0 ConcurrentGCThread "G1 Refine#0" [stack: 0x0000002e4c8f0000,0x0000002e4c9f0000] [id=8452]
  0x0000002e4c701340 ConcurrentGCThread "G1 Service" [stack: 0x0000002e4c9f0000,0x0000002e4caf0000] [id=7020]

Threads with active compile tasks:
C2 CompilerThread0    31002 5008   !   4       org.springframework.core.annotation.AnnotationsScanner::processMethodHierarchy (276 bytes)

VM state: not at safepoint (normal execution)

VM Mutex/Monitor currently owned by a thread:  ([mutex/lock_event])
[0x0000002e2fece870] Metaspace_lock - owner thread: 0x0000002e520a7620

Heap address: 0x00000000c1e00000, size: 994 MB, Compressed Oops mode: 32-bit

CDS archive(s) mapped at: [0x0000000800000000-0x0000000800c60000-0x0000000800c60000), size 12976128, SharedBaseAddress: 0x0000000800000000, ArchiveRelocationMode: 0.
Compressed class space mapped at: 0x0000000801000000-0x0000000841000000, reserved size: 1073741824
Narrow klass base: 0x0000000800000000, Narrow klass shift: 0, Narrow klass range: 0x100000000

GC Precious Log:
 CardTable entry size: 512
 Card Set container configuration: InlinePtr #cards 5 size 8 Array Of Cards #cards 12 size 40 Howl #buckets 4 coarsen threshold 1843 Howl Bitmap #cards 512 size 80 coarsen threshold 460 Card regions per heap region 1 cards per card region 2048
 CPUs: 2 total, 2 available
 Memory: 3973M
 Large Page Support: Disabled
 NUMA Support: Disabled
 Compressed Oops: Enabled (32-bit)
 Heap Region Size: 1M
 Heap Min Capacity: 8M
 Heap Initial Capacity: 64M
 Heap Max Capacity: 994M
 Pre-touch: Disabled
 Parallel Workers: 2
 Concurrent Workers: 1
 Concurrent Refinement Workers: 2
 Periodic GC: Disabled

Heap:
 garbage-first heap   total 48128K, used 26099K [0x00000000c1e00000, 0x0000000100000000)
  region size 1024K, 6 young (6144K), 3 survivors (3072K)
 Metaspace       used 53570K, committed 54144K, reserved 1114112K
  class space    used 7157K, committed 7424K, reserved 1048576K

Heap Regions: E=young(eden), S=young(survivor), O=old, HS=humongous(starts), HC=humongous(continues), CS=collection set, F=free, OA=open archive, CA=closed archive, TAMS=top-at-mark-start, PB=parsable bottom
|   0|0x00000000c1e00000, 0x00000000c1f00000, 0x00000000c1f00000|100%|HS|  |TAMS 0x00000000c1e00000| PB 0x00000000c1e00000| Complete 
|   1|0x00000000c1f00000, 0x00000000c2000000, 0x00000000c2000000|100%| O|  |TAMS 0x00000000c1f00000| PB 0x00000000c1f00000| Untracked 
|   2|0x00000000c2000000, 0x00000000c2100000, 0x00000000c2100000|100%| O|  |TAMS 0x00000000c2000000| PB 0x00000000c2000000| Untracked 
|   3|0x00000000c2100000, 0x00000000c2200000, 0x00000000c2200000|100%| O|  |TAMS 0x00000000c2100000| PB 0x00000000c2100000| Untracked 
|   4|0x00000000c2200000, 0x00000000c2300000, 0x00000000c2300000|100%| O|  |TAMS 0x00000000c2200000| PB 0x00000000c2200000| Untracked 
|   5|0x00000000c2300000, 0x00000000c2400000, 0x00000000c2400000|100%| O|  |TAMS 0x00000000c2300000| PB 0x00000000c2300000| Untracked 
|   6|0x00000000c2400000, 0x00000000c2500000, 0x00000000c2500000|100%| O|  |TAMS 0x00000000c2400000| PB 0x00000000c2400000| Untracked 
|   7|0x00000000c2500000, 0x00000000c2600000, 0x00000000c2600000|100%| O|  |TAMS 0x00000000c2500000| PB 0x00000000c2500000| Untracked 
|   8|0x00000000c2600000, 0x00000000c2700000, 0x00000000c2700000|100%| O|  |TAMS 0x00000000c2600000| PB 0x00000000c2600000| Untracked 
|   9|0x00000000c2700000, 0x00000000c2800000, 0x00000000c2800000|100%| O|  |TAMS 0x00000000c2700000| PB 0x00000000c2700000| Untracked 
|  10|0x00000000c2800000, 0x00000000c2900000, 0x00000000c2900000|100%| O|  |TAMS 0x00000000c2800000| PB 0x00000000c2800000| Untracked 
|  11|0x00000000c2900000, 0x00000000c2a00000, 0x00000000c2a00000|100%| O|  |TAMS 0x00000000c2900000| PB 0x00000000c2900000| Untracked 
|  12|0x00000000c2a00000, 0x00000000c2b00000, 0x00000000c2b00000|100%| O|  |TAMS 0x00000000c2a00000| PB 0x00000000c2a00000| Untracked 
|  13|0x00000000c2b00000, 0x00000000c2c00000, 0x00000000c2c00000|100%| O|  |TAMS 0x00000000c2b00000| PB 0x00000000c2b00000| Untracked 
|  14|0x00000000c2c00000, 0x00000000c2d00000, 0x00000000c2d00000|100%| O|  |TAMS 0x00000000c2c00000| PB 0x00000000c2c00000| Untracked 
|  15|0x00000000c2d00000, 0x00000000c2e00000, 0x00000000c2e00000|100%| O|  |TAMS 0x00000000c2d00000| PB 0x00000000c2d00000| Untracked 
|  16|0x00000000c2e00000, 0x00000000c2f00000, 0x00000000c2f00000|100%| O|  |TAMS 0x00000000c2e00000| PB 0x00000000c2e00000| Untracked 
|  17|0x00000000c2f00000, 0x00000000c3000000, 0x00000000c3000000|100%| O|  |TAMS 0x00000000c2f00000| PB 0x00000000c2f00000| Untracked 
|  18|0x00000000c3000000, 0x00000000c3100000, 0x00000000c3100000|100%| O|  |TAMS 0x00000000c3000000| PB 0x00000000c3000000| Untracked 
|  19|0x00000000c3100000, 0x00000000c3100000, 0x00000000c3200000|  0%| F|  |TAMS 0x00000000c3100000| PB 0x00000000c3100000| Untracked 
|  20|0x00000000c3200000, 0x00000000c3300000, 0x00000000c3300000|100%| O|  |TAMS 0x00000000c3200000| PB 0x00000000c3200000| Untracked 
|  21|0x00000000c3300000, 0x00000000c3300000, 0x00000000c3400000|  0%| F|  |TAMS 0x00000000c3300000| PB 0x00000000c3300000| Untracked 
|  22|0x00000000c3400000, 0x00000000c3491320, 0x00000000c3500000| 56%| S|CS|TAMS 0x00000000c3400000| PB 0x00000000c3400000| Complete 
|  23|0x00000000c3500000, 0x00000000c3600000, 0x00000000c3600000|100%| S|CS|TAMS 0x00000000c3500000| PB 0x00000000c3500000| Complete 
|  24|0x00000000c3600000, 0x00000000c36eba00, 0x00000000c3700000| 92%| O|  |TAMS 0x00000000c3600000| PB 0x00000000c3600000| Untracked 
|  25|0x00000000c3700000, 0x00000000c3700000, 0x00000000c3800000|  0%| F|  |TAMS 0x00000000c3700000| PB 0x00000000c3700000| Untracked 
|  26|0x00000000c3800000, 0x00000000c3800000, 0x00000000c3900000|  0%| F|  |TAMS 0x00000000c3800000| PB 0x00000000c3800000| Untracked 
|  27|0x00000000c3900000, 0x00000000c3a00000, 0x00000000c3a00000|100%| S|CS|TAMS 0x00000000c3900000| PB 0x00000000c3900000| Complete 
|  28|0x00000000c3a00000, 0x00000000c3a00000, 0x00000000c3b00000|  0%| F|  |TAMS 0x00000000c3a00000| PB 0x00000000c3a00000| Untracked 
|  29|0x00000000c3b00000, 0x00000000c3b00000, 0x00000000c3c00000|  0%| F|  |TAMS 0x00000000c3b00000| PB 0x00000000c3b00000| Untracked 
|  30|0x00000000c3c00000, 0x00000000c3c00000, 0x00000000c3d00000|  0%| F|  |TAMS 0x00000000c3c00000| PB 0x00000000c3c00000| Untracked 
|  31|0x00000000c3d00000, 0x00000000c3d00000, 0x00000000c3e00000|  0%| F|  |TAMS 0x00000000c3d00000| PB 0x00000000c3d00000| Untracked 
|  32|0x00000000c3e00000, 0x00000000c3e00000, 0x00000000c3f00000|  0%| F|  |TAMS 0x00000000c3e00000| PB 0x00000000c3e00000| Untracked 
|  33|0x00000000c3f00000, 0x00000000c3f00000, 0x00000000c4000000|  0%| F|  |TAMS 0x00000000c3f00000| PB 0x00000000c3f00000| Untracked 
|  34|0x00000000c4000000, 0x00000000c4000000, 0x00000000c4100000|  0%| F|  |TAMS 0x00000000c4000000| PB 0x00000000c4000000| Untracked 
|  35|0x00000000c4100000, 0x00000000c4100000, 0x00000000c4200000|  0%| F|  |TAMS 0x00000000c4100000| PB 0x00000000c4100000| Untracked 
|  36|0x00000000c4200000, 0x00000000c4200000, 0x00000000c4300000|  0%| F|  |TAMS 0x00000000c4200000| PB 0x00000000c4200000| Untracked 
|  37|0x00000000c4300000, 0x00000000c4300000, 0x00000000c4400000|  0%| F|  |TAMS 0x00000000c4300000| PB 0x00000000c4300000| Untracked 
|  38|0x00000000c4400000, 0x00000000c4400000, 0x00000000c4500000|  0%| F|  |TAMS 0x00000000c4400000| PB 0x00000000c4400000| Untracked 
|  39|0x00000000c4500000, 0x00000000c4500000, 0x00000000c4600000|  0%| F|  |TAMS 0x00000000c4500000| PB 0x00000000c4500000| Untracked 
|  40|0x00000000c4600000, 0x00000000c4600000, 0x00000000c4700000|  0%| F|  |TAMS 0x00000000c4600000| PB 0x00000000c4600000| Untracked 
|  41|0x00000000c4700000, 0x00000000c4700000, 0x00000000c4800000|  0%| F|  |TAMS 0x00000000c4700000| PB 0x00000000c4700000| Untracked 
|  42|0x00000000c4800000, 0x00000000c4800000, 0x00000000c4900000|  0%| F|  |TAMS 0x00000000c4800000| PB 0x00000000c4800000| Untracked 
|  43|0x00000000c4900000, 0x00000000c4900000, 0x00000000c4a00000|  0%| F|  |TAMS 0x00000000c4900000| PB 0x00000000c4900000| Untracked 
|  44|0x00000000c4a00000, 0x00000000c4aafea8, 0x00000000c4b00000| 68%| E|  |TAMS 0x00000000c4a00000| PB 0x00000000c4a00000| Complete 
|  50|0x00000000c5000000, 0x00000000c5100000, 0x00000000c5100000|100%| E|CS|TAMS 0x00000000c5000000| PB 0x00000000c5000000| Complete 
|  51|0x00000000c5100000, 0x00000000c5200000, 0x00000000c5200000|100%| E|CS|TAMS 0x00000000c5100000| PB 0x00000000c5100000| Complete 

Card table byte_map: [0x0000002e31d50000,0x0000002e31f50000] _byte_map_base: 0x0000002e31741000

Marking Bits: (CMBitMap*) 0x0000002e32000db0
 Bits: [0x0000002e49240000, 0x0000002e4a1c8000)

Polling page: 0x0000002e2fdc0000

Metaspace:

Usage:
  Non-class:     45.33 MB used.
      Class:      6.99 MB used.
       Both:     52.32 MB used.

Virtual space:
  Non-class space:       64.00 MB reserved,      45.62 MB ( 71%) committed,  1 nodes.
      Class space:        1.00 GB reserved,       7.25 MB ( <1%) committed,  1 nodes.
             Both:        1.06 GB reserved,      52.88 MB (  5%) committed. 

Chunk freelists:
   Non-Class:  2.30 MB
       Class:  800.00 KB
        Both:  3.08 MB

MaxMetaspaceSize: unlimited
CompressedClassSpaceSize: 1.00 GB
Initial GC threshold: 21.00 MB
Current GC threshold: 58.69 MB
CDS: on
MetaspaceReclaimPolicy: balanced
 - commit_granule_bytes: 65536.
 - commit_granule_words: 8192.
 - virtual_space_node_default_size: 8388608.
 - enlarge_chunks_in_place: 1.
 - new_chunks_are_fully_committed: 0.
 - uncommit_free_chunks: 1.
 - use_allocation_guard: 0.


Internal statistics:

num_allocs_failed_limit: 6.
num_arena_births: 750.
num_arena_deaths: 0.
num_vsnodes_births: 2.
num_vsnodes_deaths: 0.
num_space_committed: 846.
num_space_uncommitted: 0.
num_chunks_returned_to_freelist: 6.
num_chunks_taken_from_freelist: 2664.
num_chunk_merges: 6.
num_chunk_splits: 1912.
num_chunks_enlarged: 1521.
num_inconsistent_stats: 0.

CodeHeap 'non-profiled nmethods': size=120064Kb used=2450Kb max_used=2450Kb free=117613Kb
 bounds [0x0000002e41b00000, 0x0000002e41d70000, 0x0000002e49040000]
CodeHeap 'profiled nmethods': size=120000Kb used=9370Kb max_used=9370Kb free=110629Kb
 bounds [0x0000002e3a040000, 0x0000002e3a970000, 0x0000002e41570000]
CodeHeap 'non-nmethods': size=5696Kb used=1678Kb max_used=1704Kb free=4017Kb
 bounds [0x0000002e41570000, 0x0000002e417e0000, 0x0000002e41b00000]
 total_blobs=5270 nmethods=4609 adapters=572
 compilation: enabled
              stopped_count=0, restarted_count=0
 full_count=0

Compilation events (20 events):
Event: 30.192 Thread 0x0000002e4c85c110 nmethod 5006 0x0000002e41d62590 code [0x0000002e41d62740, 0x0000002e41d62a70]
Event: 30.192 Thread 0x0000002e4c85c110 5007       4       jdk.internal.org.objectweb.asm.Frame::accept (264 bytes)
Event: 30.207 Thread 0x0000002e4c8bc3b0 5010       3       org.springframework.core.MethodClassKey::hashCode (30 bytes)
Event: 30.208 Thread 0x0000002e4c8bc3b0 nmethod 5010 0x0000002e3a965110 code [0x0000002e3a9652e0, 0x0000002e3a965710]
Event: 30.215 Thread 0x0000002e4c8bc3b0 5014       1       org.springframework.beans.factory.support.AbstractAutowireCapableBeanFactory::getInstantiationStrategy (5 bytes)
Event: 30.215 Thread 0x0000002e4c8bc3b0 nmethod 5014 0x0000002e41d62d90 code [0x0000002e41d62f00, 0x0000002e41d62fd0]
Event: 30.243 Thread 0x0000002e4c85c110 nmethod 5007 0x0000002e41d63090 code [0x0000002e41d63240, 0x0000002e41d63e20]
Event: 30.243 Thread 0x0000002e4c85c110 5008   !   4       org.springframework.core.annotation.AnnotationsScanner::processMethodHierarchy (276 bytes)
Event: 30.267 Thread 0x0000002e4c8bc3b0 5015       1       java.lang.reflect.ProxyGenerator::getClassLoader (5 bytes)
Event: 30.267 Thread 0x0000002e4c8bc3b0 nmethod 5015 0x0000002e41d64410 code [0x0000002e41d64580, 0x0000002e41d64650]
Event: 30.268 Thread 0x0000002e4c8bc3b0 5016       3       java.lang.reflect.ProxyGenerator$ProxyMethod::codeWrapArgument (54 bytes)
Event: 30.269 Thread 0x0000002e4c8bc3b0 nmethod 5016 0x0000002e3a965910 code [0x0000002e3a965ae0, 0x0000002e3a965f50]
Event: 30.363 Thread 0x0000002e4c8bc3b0 5017       3       org.springframework.core.BridgeMethodResolver$$Lambda$557/0x00000008013aeb80::matches (9 bytes)
Event: 30.363 Thread 0x0000002e4c8bc3b0 nmethod 5017 0x0000002e3a966110 code [0x0000002e3a9662a0, 0x0000002e3a966440]
Event: 30.363 Thread 0x0000002e4c8bc3b0 5018       3       org.springframework.core.BridgeMethodResolver::isBridgedCandidateFor (38 bytes)
Event: 30.364 Thread 0x0000002e4c8bc3b0 nmethod 5018 0x0000002e3a966510 code [0x0000002e3a9666e0, 0x0000002e3a966ac8]
Event: 30.369 Thread 0x0000002e4c8bc3b0 5020       3       org.springframework.core.convert.support.GenericConversionService$Converters::addInterfacesToClassHierarchy (51 bytes)
Event: 30.371 Thread 0x0000002e4c8bc3b0 nmethod 5020 0x0000002e3a966c90 code [0x0000002e3a966ea0, 0x0000002e3a9675a0]
Event: 30.424 Thread 0x0000002e4c8bc3b0 5021       1       org.springframework.context.support.GenericApplicationContext::getBeanFactory (5 bytes)
Event: 30.424 Thread 0x0000002e4c8bc3b0 nmethod 5021 0x0000002e41d64710 code [0x0000002e41d64880, 0x0000002e41d64948]

GC Heap History (20 events):
Event: 6.277 GC heap before
{Heap before GC invocations=3 (full 0):
 garbage-first heap   total 65536K, used 37231K [0x00000000c1e00000, 0x0000000100000000)
  region size 1024K, 32 young (32768K), 1 survivors (1024K)
 Metaspace       used 12630K, committed 12864K, reserved 1114112K
  class space    used 1657K, committed 1728K, reserved 1048576K
}
Event: 6.295 GC heap after
{Heap after GC invocations=4 (full 0):
 garbage-first heap   total 65536K, used 9231K [0x00000000c1e00000, 0x0000000100000000)
  region size 1024K, 4 young (4096K), 4 survivors (4096K)
 Metaspace       used 12630K, committed 12864K, reserved 1114112K
  class space    used 1657K, committed 1728K, reserved 1048576K
}
Event: 9.879 GC heap before
{Heap before GC invocations=4 (full 0):
 garbage-first heap   total 65536K, used 43023K [0x00000000c1e00000, 0x0000000100000000)
  region size 1024K, 38 young (38912K), 4 survivors (4096K)
 Metaspace       used 19787K, committed 20032K, reserved 1114112K
  class space    used 2449K, committed 2560K, reserved 1048576K
}
Event: 9.909 GC heap after
{Heap after GC invocations=5 (full 0):
 garbage-first heap   total 65536K, used 12022K [0x00000000c1e00000, 0x0000000100000000)
  region size 1024K, 5 young (5120K), 5 survivors (5120K)
 Metaspace       used 19787K, committed 20032K, reserved 1114112K
  class space    used 2449K, committed 2560K, reserved 1048576K
}
Event: 11.213 GC heap before
{Heap before GC invocations=5 (full 0):
 garbage-first heap   total 65536K, used 23286K [0x00000000c1e00000, 0x0000000100000000)
  region size 1024K, 17 young (17408K), 5 survivors (5120K)
 Metaspace       used 21270K, committed 21504K, reserved 1114112K
  class space    used 2632K, committed 2752K, reserved 1048576K
}
Event: 11.242 GC heap after
{Heap after GC invocations=6 (full 0):
 garbage-first heap   total 65536K, used 13278K [0x00000000c1e00000, 0x0000000100000000)
  region size 1024K, 2 young (2048K), 2 survivors (2048K)
 Metaspace       used 21270K, committed 21504K, reserved 1114112K
  class space    used 2632K, committed 2752K, reserved 1048576K
}
Event: 15.289 GC heap before
{Heap before GC invocations=7 (full 0):
 garbage-first heap   total 48128K, used 39902K [0x00000000c1e00000, 0x0000000100000000)
  region size 1024K, 28 young (28672K), 2 survivors (2048K)
 Metaspace       used 25813K, committed 26240K, reserved 1114112K
  class space    used 3306K, committed 3520K, reserved 1048576K
}
Event: 15.316 GC heap after
{Heap after GC invocations=8 (full 0):
 garbage-first heap   total 48128K, used 15589K [0x00000000c1e00000, 0x0000000100000000)
  region size 1024K, 4 young (4096K), 4 survivors (4096K)
 Metaspace       used 25813K, committed 26240K, reserved 1114112K
  class space    used 3306K, committed 3520K, reserved 1048576K
}
Event: 19.182 GC heap before
{Heap before GC invocations=8 (full 0):
 garbage-first heap   total 48128K, used 38117K [0x00000000c1e00000, 0x0000000100000000)
  region size 1024K, 27 young (27648K), 4 survivors (4096K)
 Metaspace       used 30510K, committed 31040K, reserved 1114112K
  class space    used 3889K, committed 4160K, reserved 1048576K
}
Event: 19.210 GC heap after
{Heap after GC invocations=9 (full 0):
 garbage-first heap   total 48128K, used 17983K [0x00000000c1e00000, 0x0000000100000000)
  region size 1024K, 3 young (3072K), 3 survivors (3072K)
 Metaspace       used 30510K, committed 31040K, reserved 1114112K
  class space    used 3889K, committed 4160K, reserved 1048576K
}
Event: 23.323 GC heap before
{Heap before GC invocations=9 (full 0):
 garbage-first heap   total 48128K, used 40511K [0x00000000c1e00000, 0x0000000100000000)
  region size 1024K, 25 young (25600K), 3 survivors (3072K)
 Metaspace       used 35097K, committed 35584K, reserved 1114112K
  class space    used 4568K, committed 4800K, reserved 1048576K
}
Event: 23.341 GC heap after
{Heap after GC invocations=10 (full 0):
 garbage-first heap   total 48128K, used 19252K [0x00000000c1e00000, 0x0000000100000000)
  region size 1024K, 2 young (2048K), 2 survivors (2048K)
 Metaspace       used 35097K, committed 35584K, reserved 1114112K
  class space    used 4568K, committed 4800K, reserved 1048576K
}
Event: 23.416 GC heap before
{Heap before GC invocations=10 (full 0):
 garbage-first heap   total 48128K, used 20276K [0x00000000c1e00000, 0x0000000100000000)
  region size 1024K, 4 young (4096K), 2 survivors (2048K)
 Metaspace       used 35488K, committed 35968K, reserved 1114112K
  class space    used 4622K, committed 4864K, reserved 1048576K
}
Event: 23.423 GC heap after
{Heap after GC invocations=11 (full 0):
 garbage-first heap   total 48128K, used 19036K [0x00000000c1e00000, 0x0000000100000000)
  region size 1024K, 2 young (2048K), 2 survivors (2048K)
 Metaspace       used 35488K, committed 35968K, reserved 1114112K
  class space    used 4622K, committed 4864K, reserved 1048576K
}
Event: 25.752 GC heap before
{Heap before GC invocations=12 (full 0):
 garbage-first heap   total 48128K, used 40540K [0x00000000c1e00000, 0x0000000100000000)
  region size 1024K, 23 young (23552K), 2 survivors (2048K)
 Metaspace       used 41777K, committed 42304K, reserved 1114112K
  class space    used 5447K, committed 5696K, reserved 1048576K
}
Event: 25.768 GC heap after
{Heap after GC invocations=13 (full 0):
 garbage-first heap   total 48128K, used 21446K [0x00000000c1e00000, 0x0000000100000000)
  region size 1024K, 3 young (3072K), 3 survivors (3072K)
 Metaspace       used 41777K, committed 42304K, reserved 1114112K
  class space    used 5447K, committed 5696K, reserved 1048576K
}
Event: 27.757 GC heap before
{Heap before GC invocations=13 (full 0):
 garbage-first heap   total 48128K, used 40902K [0x00000000c1e00000, 0x0000000100000000)
  region size 1024K, 23 young (23552K), 3 survivors (3072K)
 Metaspace       used 48382K, committed 48960K, reserved 1114112K
  class space    used 6453K, committed 6720K, reserved 1048576K
}
Event: 27.779 GC heap after
{Heap after GC invocations=14 (full 0):
 garbage-first heap   total 48128K, used 22705K [0x00000000c1e00000, 0x0000000100000000)
  region size 1024K, 2 young (2048K), 2 survivors (2048K)
 Metaspace       used 48382K, committed 48960K, reserved 1114112K
  class space    used 6453K, committed 6720K, reserved 1048576K
}
Event: 30.273 GC heap before
{Heap before GC invocations=14 (full 0):
 garbage-first heap   total 48128K, used 42161K [0x00000000c1e00000, 0x0000000100000000)
  region size 1024K, 21 young (21504K), 2 survivors (2048K)
 Metaspace       used 53154K, committed 53760K, reserved 1114112K
  class space    used 7108K, committed 7360K, reserved 1048576K
}
Event: 30.284 GC heap after
{Heap after GC invocations=15 (full 0):
 garbage-first heap   total 48128K, used 24051K [0x00000000c1e00000, 0x0000000100000000)
  region size 1024K, 3 young (3072K), 3 survivors (3072K)
 Metaspace       used 53154K, committed 53760K, reserved 1114112K
  class space    used 7108K, committed 7360K, reserved 1048576K
}

Dll operation events (11 events):
Event: 0.016 Loaded shared library C:\Program Files\Java\jdk-20\bin\java.dll
Event: 0.038 Loaded shared library C:\Program Files\Java\jdk-20\bin\jsvml.dll
Event: 0.279 Loaded shared library C:\Program Files\Java\jdk-20\bin\net.dll
Event: 0.283 Loaded shared library C:\Program Files\Java\jdk-20\bin\nio.dll
Event: 0.292 Loaded shared library C:\Program Files\Java\jdk-20\bin\zip.dll
Event: 0.745 Loaded shared library C:\Program Files\Java\jdk-20\bin\jimage.dll
Event: 2.430 Loaded shared library C:\Program Files\Java\jdk-20\bin\management.dll
Event: 2.466 Loaded shared library C:\Program Files\Java\jdk-20\bin\management_ext.dll
Event: 5.312 Loaded shared library C:\Program Files\Java\jdk-20\bin\verify.dll
Event: 18.119 Loaded shared library C:\Program Files\Java\jdk-20\bin\sunmscapi.dll
Event: 24.261 Loaded shared library C:\Program Files\Java\jdk-20\bin\extnet.dll

Deoptimization events (20 events):
Event: 30.361 Thread 0x0000002e520a7620 Uncommon trap: trap_request=0xffffffde fr.pc=0x0000002e41b2b524 relative=0x0000000000000104
Event: 30.361 Thread 0x0000002e520a7620 Uncommon trap: reason=class_check action=maybe_recompile pc=0x0000002e41b2b524 method=sun.reflect.generics.reflectiveObjects.TypeVariableImpl.hashCode()I @ 4 c2
Event: 30.361 Thread 0x0000002e520a7620 DEOPT PACKING pc=0x0000002e41b2b524 sp=0x0000002e537c9700
Event: 30.361 Thread 0x0000002e520a7620 DEOPT UNPACKING pc=0x0000002e415d9d1d sp=0x0000002e537c9698 mode 2
Event: 30.361 Thread 0x0000002e520a7620 Uncommon trap: trap_request=0xffffffde fr.pc=0x0000002e41b2b524 relative=0x0000000000000104
Event: 30.361 Thread 0x0000002e520a7620 Uncommon trap: reason=class_check action=maybe_recompile pc=0x0000002e41b2b524 method=sun.reflect.generics.reflectiveObjects.TypeVariableImpl.hashCode()I @ 4 c2
Event: 30.361 Thread 0x0000002e520a7620 DEOPT PACKING pc=0x0000002e41b2b524 sp=0x0000002e537c9620
Event: 30.361 Thread 0x0000002e520a7620 DEOPT UNPACKING pc=0x0000002e415d9d1d sp=0x0000002e537c95b8 mode 2
Event: 30.361 Thread 0x0000002e520a7620 Uncommon trap: trap_request=0xffffffde fr.pc=0x0000002e41b2b524 relative=0x0000000000000104
Event: 30.361 Thread 0x0000002e520a7620 Uncommon trap: reason=class_check action=maybe_recompile pc=0x0000002e41b2b524 method=sun.reflect.generics.reflectiveObjects.TypeVariableImpl.hashCode()I @ 4 c2
Event: 30.361 Thread 0x0000002e520a7620 DEOPT PACKING pc=0x0000002e41b2b524 sp=0x0000002e537c95b0
Event: 30.361 Thread 0x0000002e520a7620 DEOPT UNPACKING pc=0x0000002e415d9d1d sp=0x0000002e537c9548 mode 2
Event: 30.361 Thread 0x0000002e520a7620 Uncommon trap: trap_request=0xffffffde fr.pc=0x0000002e41b2b524 relative=0x0000000000000104
Event: 30.361 Thread 0x0000002e520a7620 Uncommon trap: reason=class_check action=maybe_recompile pc=0x0000002e41b2b524 method=sun.reflect.generics.reflectiveObjects.TypeVariableImpl.hashCode()I @ 4 c2
Event: 30.361 Thread 0x0000002e520a7620 DEOPT PACKING pc=0x0000002e41b2b524 sp=0x0000002e537c9700
Event: 30.361 Thread 0x0000002e520a7620 DEOPT UNPACKING pc=0x0000002e415d9d1d sp=0x0000002e537c9698 mode 2
Event: 30.371 Thread 0x0000002e520a7620 Uncommon trap: trap_request=0xfffffff4 fr.pc=0x0000002e41ce7270 relative=0x0000000000002950
Event: 30.371 Thread 0x0000002e520a7620 Uncommon trap: reason=null_check action=make_not_entrant pc=0x0000002e41ce7270 method=java.lang.Class.getMethodsRecursive(Ljava/lang/String;[Ljava/lang/Class;Z)Ljava/lang/PublicMethods$MethodList; @ 26 c2
Event: 30.371 Thread 0x0000002e520a7620 DEOPT PACKING pc=0x0000002e41ce7270 sp=0x0000002e537c9f10
Event: 30.371 Thread 0x0000002e520a7620 DEOPT UNPACKING pc=0x0000002e415d9d1d sp=0x0000002e537c9ef8 mode 2

Classes loaded (20 events):
Event: 26.417 Loading class sun/reflect/annotation/TypeAnnotation$TypeAnnotationTargetInfo
Event: 26.418 Loading class sun/reflect/annotation/TypeAnnotation$TypeAnnotationTargetInfo done
Event: 26.653 Loading class java/util/concurrent/CancellationException
Event: 26.654 Loading class java/util/concurrent/CancellationException done
Event: 26.656 Loading class java/security/CodeSigner
Event: 26.656 Loading class java/security/CodeSigner done
Event: 27.393 Loading class java/util/ArrayList$ListItr
Event: 27.393 Loading class java/util/ArrayList$ListItr done
Event: 27.947 Loading class java/util/AbstractList$SubList
Event: 27.948 Loading class java/util/AbstractList$SubList done
Event: 28.216 Loading class java/lang/foreign/ValueLayout
Event: 28.216 Loading class java/lang/foreign/MemoryLayout
Event: 28.217 Loading class java/lang/foreign/MemoryLayout done
Event: 28.217 Loading class java/lang/foreign/ValueLayout done
Event: 29.359 Loading class java/util/TimerTask
Event: 29.360 Loading class java/util/TimerTask done
Event: 30.173 Loading class javax/naming/Reference
Event: 30.173 Loading class javax/naming/Reference done
Event: 30.210 Loading class sun/reflect/generics/reflectiveObjects/GenericArrayTypeImpl
Event: 30.211 Loading class sun/reflect/generics/reflectiveObjects/GenericArrayTypeImpl done

Classes unloaded (0 events):
No events

Classes redefined (0 events):
No events

Internal exceptions (20 events):
Event: 21.812 Thread 0x0000002e520a7620 Exception <a 'java/lang/NoSuchMethodError'{0x00000000c46586f0}: 'java.lang.Object java.lang.invoke.DirectMethodHandle$Holder.newInvokeSpecial(java.lang.Object, java.lang.Object, java.lang.Object, java.lang.Object, java.lang.Object, java.lang.Object, java.lang.Object, java.lang.Object, java.lang.Object, java.lang.Object, java.lang.Object)'> (0x00000000c46586f0) 
thrown [s\open\src\hotspot\share\interpreter\linkResolver.cpp, line 773]
Event: 22.125 Thread 0x0000002e520a7620 Exception <a 'java/lang/NoSuchMethodError'{0x00000000c4389838}: 'void java.lang.invoke.DelegatingMethodHandle$Holder.reinvoke_L(java.lang.Object, java.lang.Object, java.lang.Object, java.lang.Object, int, java.lang.Object, java.lang.Object, java.lang.Object)'> (0x00000000c4389838) 
thrown [s\open\src\hotspot\share\interpreter\linkResolver.cpp, line 773]
Event: 24.760 Thread 0x0000002e520a7620 Exception <a 'java/lang/NoSuchMethodError'{0x00000000c3e17fa0}: 'java.lang.Object java.lang.invoke.DirectMethodHandle$Holder.invokeStaticInit(java.lang.Object, java.lang.Object, java.lang.Object, java.lang.Object)'> (0x00000000c3e17fa0) 
thrown [s\open\src\hotspot\share\interpreter\linkResolver.cpp, line 773]
Event: 25.487 Thread 0x0000002e520a7620 Exception <a 'java/lang/NoSuchMethodError'{0x00000000c384a370}: 'java.lang.Object java.lang.invoke.DirectMethodHandle$Holder.newInvokeSpecial(java.lang.Object, java.lang.Object, java.lang.Object, int)'> (0x00000000c384a370) 
thrown [s\open\src\hotspot\share\interpreter\linkResolver.cpp, line 773]
Event: 25.490 Thread 0x0000002e520a7620 Exception <a 'java/lang/NoSuchMethodError'{0x00000000c384ecb0}: 'java.lang.Object java.lang.invoke.DirectMethodHandle$Holder.invokeSpecial(java.lang.Object, java.lang.Object, java.lang.Object, java.lang.Object, int)'> (0x00000000c384ecb0) 
thrown [s\open\src\hotspot\share\interpreter\linkResolver.cpp, line 773]
Event: 25.490 Thread 0x0000002e520a7620 Exception <a 'java/lang/NoSuchMethodError'{0x00000000c3852bf8}: 'java.lang.Object java.lang.invoke.Invokers$Holder.linkToTargetMethod(java.lang.Object, java.lang.Object, int, java.lang.Object)'> (0x00000000c3852bf8) 
thrown [s\open\src\hotspot\share\interpreter\linkResolver.cpp, line 773]
Event: 26.907 Thread 0x0000002e520a7620 Exception <a 'java/lang/NoSuchMethodError'{0x00000000c4046fe8}: 'java.lang.Object java.lang.invoke.DirectMethodHandle$Holder.invokeStatic(java.lang.Object, java.lang.Object, int, java.lang.Object)'> (0x00000000c4046fe8) 
thrown [s\open\src\hotspot\share\interpreter\linkResolver.cpp, line 773]
Event: 26.908 Thread 0x0000002e520a7620 Exception <a 'java/lang/NoSuchMethodError'{0x00000000c404b2a0}: 'java.lang.Object java.lang.invoke.DirectMethodHandle$Holder.invokeStaticInit(java.lang.Object, java.lang.Object, int, java.lang.Object)'> (0x00000000c404b2a0) 
thrown [s\open\src\hotspot\share\interpreter\linkResolver.cpp, line 773]
Event: 26.985 Thread 0x0000002e520a7620 Exception <a 'java/lang/IncompatibleClassChangeError'{0x00000000c3f610a0}: Found class java.lang.Object, but interface was expected> (0x00000000c3f610a0) 
thrown [s\open\src\hotspot\share\interpreter\linkResolver.cpp, line 840]
Event: 28.839 Thread 0x0000002e520a7620 Exception <a 'java/lang/NoSuchMethodError'{0x00000000c4400588}: 'int java.lang.invoke.Invokers$Holder.invokeExact_MT(java.lang.Object, java.lang.Object, java.lang.Object)'> (0x00000000c4400588) 
thrown [s\open\src\hotspot\share\interpreter\linkResolver.cpp, line 773]
Event: 28.867 Thread 0x0000002e520a7620 Exception <a 'java/lang/NoSuchMethodError'{0x00000000c4464c78}: 'int java.lang.invoke.DirectMethodHandle$Holder.invokeStatic(java.lang.Object, java.lang.Object, java.lang.Object, java.lang.Object, java.lang.Object)'> (0x00000000c4464c78) 
thrown [s\open\src\hotspot\share\interpreter\linkResolver.cpp, line 773]
Event: 28.871 Thread 0x0000002e520a7620 Exception <a 'java/lang/NoSuchMethodError'{0x00000000c4478978}: 'java.lang.Object java.lang.invoke.DirectMethodHandle$Holder.newInvokeSpecial(java.lang.Object, java.lang.Object, java.lang.Object, java.lang.Object, java.lang.Object, java.lang.Object, java.lang.Object)'> (0x00000000c4478978) 
thrown [s\open\src\hotspot\share\interpreter\linkResolver.cpp, line 773]
Event: 28.955 Thread 0x0000002e520a7620 Exception <a 'java/lang/NoSuchMethodError'{0x00000000c43b2110}: 'void java.lang.invoke.DirectMethodHandle$Holder.invokeSpecial(java.lang.Object, java.lang.Object, java.lang.Object, java.lang.Object, java.lang.Object, java.lang.Object, java.lang.Object, java.lang.Object)'> (0x00000000c43b2110) 
thrown [s\open\src\hotspot\share\interpreter\linkResolver.cpp, line 773]
Event: 28.964 Thread 0x0000002e520a7620 Exception <a 'java/lang/NoSuchMethodError'{0x00000000c43d5bd8}: 'java.lang.Object java.lang.invoke.DirectMethodHandle$Holder.newInvokeSpecial(java.lang.Object, java.lang.Object, java.lang.Object, java.lang.Object, java.lang.Object, java.lang.Object, java.lang.Object, int)'> (0x00000000c43d5bd8) 
thrown [s\open\src\hotspot\share\interpreter\linkResolver.cpp, line 773]
Event: 28.965 Thread 0x0000002e520a7620 Exception <a 'java/lang/NoSuchMethodError'{0x00000000c43dabf8}: 'java.lang.Object java.lang.invoke.DirectMethodHandle$Holder.invokeSpecial(java.lang.Object, java.lang.Object, java.lang.Object, java.lang.Object, java.lang.Object, java.lang.Object, java.lang.Object, java.lang.Object, int)'> (0x00000000c43dabf8) 
thrown [s\open\src\hotspot\share\interpreter\linkResolver.cpp, line 773]
Event: 29.078 Thread 0x0000002e520a7620 Exception <a 'java/lang/NoSuchMethodError'{0x00000000c41481f8}: 'java.lang.Object java.lang.invoke.DirectMethodHandle$Holder.newInvokeSpecial(java.lang.Object, java.lang.Object, int, java.lang.Object, int, java.lang.Object, java.lang.Object, java.lang.Object)'> (0x00000000c41481f8) 
thrown [s\open\src\hotspot\share\interpreter\linkResolver.cpp, line 773]
Event: 29.120 Thread 0x0000002e520a7620 Exception <a 'java/lang/NoSuchMethodError'{0x00000000c41a4bb8}: 'void java.lang.invoke.DirectMethodHandle$Holder.invokeInterface(java.lang.Object, java.lang.Object)'> (0x00000000c41a4bb8) 
thrown [s\open\src\hotspot\share\interpreter\linkResolver.cpp, line 773]
Event: 30.083 Thread 0x0000002e520a7620 Exception <a 'java/lang/NoSuchMethodError'{0x00000000c3d9cb68}: 'java.lang.Object java.lang.invoke.DirectMethodHandle$Holder.invokeSpecial(java.lang.Object, java.lang.Object, int, java.lang.Object, int)'> (0x00000000c3d9cb68) 
thrown [s\open\src\hotspot\share\interpreter\linkResolver.cpp, line 773]
Event: 30.371 Thread 0x0000002e520a7620 Implicit null exception at 0x0000002e41ce4c18 to 0x0000002e41ce7254
Event: 30.431 Thread 0x0000002e520a7620 Exception <a 'java/lang/IncompatibleClassChangeError'{0x00000000c51d5088}: Found class java.lang.Object, but interface was expected> (0x00000000c51d5088) 
thrown [s\open\src\hotspot\share\interpreter\linkResolver.cpp, line 840]

VM Operations (20 events):
Event: 23.667 Executing VM operation: G1PauseCleanup
Event: 23.667 Executing VM operation: G1PauseCleanup done
Event: 24.412 Executing VM operation: HandshakeAllThreads
Event: 24.412 Executing VM operation: HandshakeAllThreads done
Event: 25.412 Executing VM operation: Cleanup
Event: 25.413 Executing VM operation: Cleanup done
Event: 25.752 Executing VM operation: G1CollectForAllocation
Event: 25.768 Executing VM operation: G1CollectForAllocation done
Event: 27.394 Executing VM operation: HandshakeAllThreads
Event: 27.394 Executing VM operation: HandshakeAllThreads done
Event: 27.394 Executing VM operation: Cleanup
Event: 27.394 Executing VM operation: Cleanup done
Event: 27.757 Executing VM operation: G1CollectForAllocation
Event: 27.779 Executing VM operation: G1CollectForAllocation done
Event: 28.663 Executing VM operation: ICBufferFull
Event: 28.663 Executing VM operation: ICBufferFull done
Event: 29.663 Executing VM operation: Cleanup
Event: 29.664 Executing VM operation: Cleanup done
Event: 30.273 Executing VM operation: G1CollectForAllocation
Event: 30.295 Executing VM operation: G1CollectForAllocation done

Events (20 events):
Event: 23.638 Thread 0x0000002e4c838970 flushing nmethod 0x0000002e41b2a990
Event: 23.638 Thread 0x0000002e4c838970 flushing nmethod 0x0000002e41b22c10
Event: 23.638 Thread 0x0000002e4c838970 flushing nmethod 0x0000002e41b21190
Event: 23.638 Thread 0x0000002e4c838970 flushing nmethod 0x0000002e41b20690
Event: 23.638 Thread 0x0000002e4c838970 flushing nmethod 0x0000002e41b28c90
Event: 23.638 Thread 0x0000002e4c838970 flushing nmethod 0x0000002e41b20310
Event: 23.638 Thread 0x0000002e4c838970 flushing nmethod 0x0000002e41b1fc10
Event: 23.638 Thread 0x0000002e4c838970 flushing nmethod 0x0000002e41b1f910
Event: 23.638 Thread 0x0000002e4c838970 flushing nmethod 0x0000002e41b1f510
Event: 23.638 Thread 0x0000002e4c838970 flushing nmethod 0x0000002e41b11890
Event: 23.638 Thread 0x0000002e4c838970 flushing nmethod 0x0000002e41b10a90
Event: 23.638 Thread 0x0000002e4c838970 flushing nmethod 0x0000002e41b0ac90
Event: 23.638 Thread 0x0000002e4c838970 flushing nmethod 0x0000002e41b08d90
Event: 23.638 Thread 0x0000002e4c838970 flushing nmethod 0x0000002e41b0c890
Event: 23.638 Thread 0x0000002e4c838970 flushing nmethod 0x0000002e41b05c90
Event: 23.638 Thread 0x0000002e4c838970 flushing nmethod 0x0000002e41b01710
Event: 23.638 Thread 0x0000002e4c838970 flushing nmethod 0x0000002e41b01110
Event: 24.616 Thread 0x0000002e52f6a2e0 Thread added: 0x0000002e52f6a2e0
Event: 24.728 Thread 0x0000002e52f68300 Thread added: 0x0000002e52f68300
Event: 30.433 Thread 0x0000002e52f68300 Thread exited: 0x0000002e52f68300


Dynamic libraries:
0x00007ff7bfbe0000 - 0x00007ff7bfbf0000 	C:\Program Files\Java\jdk-20\bin\java.exe
0x00007ffe888d0000 - 0x00007ffe88a7d000 	C:\Windows\SYSTEM32\ntdll.dll
0x00007ffe86260000 - 0x00007ffe8639f000 	C:\Windows\system32\KERNEL32.DLL
0x00007ffe85b80000 - 0x00007ffe85c94000 	C:\Windows\system32\KERNELBASE.dll
0x00007ffe729d0000 - 0x00007ffe729e9000 	C:\Program Files\Java\jdk-20\bin\jli.dll
0x00007ffe76ea0000 - 0x00007ffe76ebb000 	C:\Program Files\Java\jdk-20\bin\VCRUNTIME140.dll
0x00007ffe76d00000 - 0x00007ffe76d04000 	C:\Program Files\Java\jdk-20\bin\api-ms-win-crt-stdio-l1-1-0.dll
0x00007ffe76a40000 - 0x00007ffe76a44000 	C:\Program Files\Java\jdk-20\bin\api-ms-win-crt-runtime-l1-1-0.dll
0x00007ffe755f0000 - 0x00007ffe755f3000 	C:\Program Files\Java\jdk-20\bin\api-ms-win-crt-environment-l1-1-0.dll
0x00007ffe76bf0000 - 0x00007ffe76bf5000 	C:\Program Files\Java\jdk-20\bin\api-ms-win-crt-math-l1-1-0.dll
0x00007ffe77f50000 - 0x00007ffe77f53000 	C:\Program Files\Java\jdk-20\bin\api-ms-win-crt-locale-l1-1-0.dll
0x00007ffe74e20000 - 0x00007ffe74e23000 	C:\Program Files\Java\jdk-20\bin\api-ms-win-crt-heap-l1-1-0.dll
0x00007ffe86830000 - 0x00007ffe868dd000 	C:\Windows\system32\ADVAPI32.dll
0x00007ffe82f10000 - 0x00007ffe8318b000 	C:\Windows\WinSxS\amd64_microsoft.windows.common-controls_6595b64144ccf1df_6.0.9600.19394_none_62486577ecb635cf\COMCTL32.dll
0x00007ffe883e0000 - 0x00007ffe88557000 	C:\Windows\system32\USER32.dll
0x00007ffe7e420000 - 0x00007ffe7e42a000 	C:\Windows\SYSTEM32\VERSION.dll
0x00007ffe74e40000 - 0x00007ffe74e43000 	C:\Program Files\Java\jdk-20\bin\api-ms-win-crt-filesystem-l1-1-0.dll
0x00007ffe76cf0000 - 0x00007ffe76cf4000 	C:\Program Files\Java\jdk-20\bin\api-ms-win-crt-string-l1-1-0.dll
0x00007ffe76a30000 - 0x00007ffe76a34000 	C:\Program Files\Java\jdk-20\bin\api-ms-win-crt-convert-l1-1-0.dll
0x00007ffe85f50000 - 0x00007ffe85ffa000 	C:\Windows\system32\msvcrt.dll
0x00007ffe867c0000 - 0x00007ffe8681b000 	C:\Windows\SYSTEM32\sechost.dll
0x00007ffe880a0000 - 0x00007ffe881d5000 	C:\Windows\system32\RPCRT4.dll
0x00007ffe88780000 - 0x00007ffe888cf000 	C:\Windows\system32\GDI32.dll
0x00007ffe6f0d0000 - 0x00007ffe6f1d0000 	C:\Program Files\Java\jdk-20\bin\ucrtbase.DLL
0x00007ffe85b50000 - 0x00007ffe85b7e000 	C:\Windows\system32\SspiCli.dll
0x00007ffe863a0000 - 0x00007ffe863d6000 	C:\Windows\system32\IMM32.DLL
0x00007ffe88620000 - 0x00007ffe88771000 	C:\Windows\system32\MSCTF.dll
0x00007ffe76e90000 - 0x00007ffe76e9c000 	C:\Program Files\Java\jdk-20\bin\vcruntime140_1.dll
0x00007ffe73120000 - 0x00007ffe731ae000 	C:\Program Files\Java\jdk-20\bin\msvcp140.dll
0x00007ffe74e30000 - 0x00007ffe74e33000 	C:\Program Files\Java\jdk-20\bin\api-ms-win-crt-time-l1-1-0.dll
0x00007ffe76be0000 - 0x00007ffe76be3000 	C:\Program Files\Java\jdk-20\bin\api-ms-win-crt-utility-l1-1-0.dll
0x00007ffe5a940000 - 0x00007ffe5b5d7000 	C:\Program Files\Java\jdk-20\bin\server\jvm.dll
0x00007ffe76ec0000 - 0x00007ffe76ec9000 	C:\Windows\SYSTEM32\WSOCK32.dll
0x00007ffe822a0000 - 0x00007ffe822c2000 	C:\Windows\SYSTEM32\WINMM.dll
0x00007ffe863e0000 - 0x00007ffe8643a000 	C:\Windows\system32\WS2_32.dll
0x00007ffe82270000 - 0x00007ffe8229a000 	C:\Windows\SYSTEM32\WINMMBASE.dll
0x00007ffe86750000 - 0x00007ffe86759000 	C:\Windows\system32\NSI.dll
0x00007ffe85ca0000 - 0x00007ffe85cef000 	C:\Windows\SYSTEM32\cfgmgr32.dll
0x00007ffe847c0000 - 0x00007ffe847e8000 	C:\Windows\SYSTEM32\DEVOBJ.dll
0x00007ffe74d30000 - 0x00007ffe74d3a000 	C:\Program Files\Java\jdk-20\bin\jimage.dll
0x00007ffe7cd60000 - 0x00007ffe7ceea000 	C:\Windows\SYSTEM32\DBGHELP.DLL
0x00007ffe73260000 - 0x00007ffe73286000 	C:\Program Files\Java\jdk-20\bin\java.dll
0x00007ffe67ae0000 - 0x00007ffe67bb7000 	C:\Program Files\Java\jdk-20\bin\jsvml.dll
0x00007ffe868e0000 - 0x00007ffe87e0f000 	C:\Windows\system32\SHELL32.dll
0x00007ffe86460000 - 0x00007ffe86672000 	C:\Windows\SYSTEM32\combase.dll
0x00007ffe87e10000 - 0x00007ffe87e64000 	C:\Windows\system32\SHLWAPI.dll
0x00007ffe83d60000 - 0x00007ffe83e12000 	C:\Windows\SYSTEM32\SHCORE.dll
0x00007ffe85930000 - 0x00007ffe85945000 	C:\Windows\SYSTEM32\profapi.dll
0x00007ffe73350000 - 0x00007ffe73363000 	C:\Program Files\Java\jdk-20\bin\net.dll
0x00007ffe7d480000 - 0x00007ffe7d549000 	C:\Windows\SYSTEM32\WINHTTP.dll
0x00007ffe851b0000 - 0x00007ffe85209000 	C:\Windows\system32\mswsock.dll
0x00007ffe73240000 - 0x00007ffe73256000 	C:\Program Files\Java\jdk-20\bin\nio.dll
0x00007ffe73220000 - 0x00007ffe73238000 	C:\Program Files\Java\jdk-20\bin\zip.dll
0x00007ffe72ee0000 - 0x00007ffe72eea000 	C:\Program Files\Java\jdk-20\bin\management.dll
0x00007ffe72ed0000 - 0x00007ffe72edb000 	C:\Program Files\Java\jdk-20\bin\management_ext.dll
0x00007ffe86450000 - 0x00007ffe86457000 	C:\Windows\system32\PSAPI.DLL
0x00007ffe73210000 - 0x00007ffe73220000 	C:\Program Files\Java\jdk-20\bin\verify.dll
0x00007ffe85210000 - 0x00007ffe85230000 	C:\Windows\SYSTEM32\CRYPTSP.dll
0x00007ffe84de0000 - 0x00007ffe84e16000 	C:\Windows\system32\rsaenh.dll
0x00007ffe85450000 - 0x00007ffe85476000 	C:\Windows\SYSTEM32\bcrypt.dll
0x00007ffe84eb0000 - 0x00007ffe84ed1000 	C:\Windows\SYSTEM32\USERENV.dll
0x00007ffe85770000 - 0x00007ffe857d3000 	C:\Windows\system32\bcryptprimitives.dll
0x00007ffe85950000 - 0x00007ffe8595b000 	C:\Windows\SYSTEM32\CRYPTBASE.dll
0x00007ffe80930000 - 0x00007ffe8095a000 	C:\Windows\SYSTEM32\IPHLPAPI.DLL
0x00007ffe807f0000 - 0x00007ffe807fa000 	C:\Windows\SYSTEM32\WINNSI.DLL
0x00007ffe81e50000 - 0x00007ffe81e66000 	C:\Windows\SYSTEM32\dhcpcsvc6.DLL
0x00007ffe804b0000 - 0x00007ffe804ca000 	C:\Windows\SYSTEM32\dhcpcsvc.DLL
0x00007ffe72ec0000 - 0x00007ffe72ece000 	C:\Program Files\Java\jdk-20\bin\sunmscapi.dll
0x00007ffe85cf0000 - 0x00007ffe85f47000 	C:\Windows\system32\CRYPT32.dll
0x00007ffe85420000 - 0x00007ffe85445000 	C:\Windows\SYSTEM32\ncrypt.dll
0x00007ffe85a20000 - 0x00007ffe85a31000 	C:\Windows\system32\MSASN1.dll
0x00007ffe853e0000 - 0x00007ffe85417000 	C:\Windows\SYSTEM32\NTASN1.dll
0x00007ffe84f70000 - 0x00007ffe85014000 	C:\Windows\SYSTEM32\DNSAPI.dll
0x00007ffe7b4a0000 - 0x00007ffe7b4aa000 	C:\Windows\System32\rasadhlp.dll
0x00007ffe804e0000 - 0x00007ffe8054b000 	C:\Windows\System32\fwpuclnt.dll
0x00007ffe77f60000 - 0x00007ffe77f67000 	C:\Program Files\Java\jdk-20\bin\extnet.dll

dbghelp: loaded successfully - version: 4.0.5 - missing functions: none
symbol engine: initialized successfully - sym options: 0x614 - pdb path: .;C:\Program Files\Java\jdk-20\bin;C:\Windows\SYSTEM32;C:\Windows\WinSxS\amd64_microsoft.windows.common-controls_6595b64144ccf1df_6.0.9600.19394_none_62486577ecb635cf;C:\Program Files\Java\jdk-20\bin\server

VM Arguments:
java_command: com.portafolio.Backendap.BackendApApplication
java_class_path (initial): C:\Users\alumno.CI7427EA983C3E\Desktop\Backend-ap\target\classes;C:\Users\alumno.CI7427EA983C3E\.m2\repository\org\springframework\boot\spring-boot-starter-data-jpa\3.0.5\spring-boot-starter-data-jpa-3.0.5.jar;C:\Users\alumno.CI7427EA983C3E\.m2\repository\org\springframework\boot\spring-boot-starter-aop\3.0.5\spring-boot-starter-aop-3.0.5.jar;C:\Users\alumno.CI7427EA983C3E\.m2\repository\org\aspectj\aspectjweaver\1.9.19\aspectjweaver-1.9.19.jar;C:\Users\alumno.CI7427EA983C3E\.m2\repository\org\springframework\boot\spring-boot-starter-jdbc\3.0.5\spring-boot-starter-jdbc-3.0.5.jar;C:\Users\alumno.CI7427EA983C3E\.m2\repository\com\zaxxer\HikariCP\5.0.1\HikariCP-5.0.1.jar;C:\Users\alumno.CI7427EA983C3E\.m2\repository\org\springframework\spring-jdbc\6.0.7\spring-jdbc-6.0.7.jar;C:\Users\alumno.CI7427EA983C3E\.m2\repository\org\hibernate\orm\hibernate-core\6.1.7.Final\hibernate-core-6.1.7.Final.jar;C:\Users\alumno.CI7427EA983C3E\.m2\repository\jakarta\persistence\jakarta.persistence-api\3.1.0\jakarta.persistence-api-3.1.0.jar;C:\Users\alumno.CI7427EA983C3E\.m2\repository\jakarta\transaction\jakarta.transaction-api\2.0.1\jakarta.transaction-api-2.0.1.jar;C:\Users\alumno.CI7427EA983C3E\.m2\repository\org\jboss\logging\jboss-logging\3.5.0.Final\jboss-logging-3.5.0.Final.jar;C:\Users\alumno.CI7427EA983C3E\.m2\repository\org\hibernate\common\hibernate-commons-annotations\6.0.6.Final\hibernate-commons-annotations-6.0.6.Final.jar;C:\Users\alumno.CI7427EA983C3E\.m2\repository\org\jboss\jandex\2.4.2.Final\jandex-2.4.2.Final.jar;C:\Users\alumno.CI7427EA983C3E\.m2\repository\com\fasterxml\classmate\1.5.1\classmate-1.5.1.jar;C:\Users\alumno.CI7427EA983C3E\.m2\repository\net\bytebuddy\byte-buddy\1.12.23\byte-buddy-1.12.23.jar;C:\Users\alumno.CI7427EA983C3E\.m2\repository\org\glassfish\jaxb\jaxb-runtime\4.0.2\jaxb-runtime-4.0.2.jar;C:\Users\alumno.CI7427EA983C3E\.m2\repository\org\glassfish\jaxb\jaxb-core\4.0.2\jaxb-core-4.0.2.jar;C:\Users\alumno.CI7427EA983C3E\.m2\repository\org\eclipse\angus\angus-activation\2.0.0\angus-activation-2.0.0.jar;C:\Users\alumno.CI7427EA983C3E\.m2\repository\org\glassfish\jaxb\txw2\4.0.2\txw2-4.0.2.jar;C:\Users\alumno.CI7427EA983C3E\.m2\repository\com\sun\istack\istack-commons-runtime\4.1.1\istack-commons-runtime-4.1.1.jar;C:\Users\alumno.CI7427EA983C3E\.m2\repository\jakarta\inject\jakarta.inject-api\2.0.0\jakarta.inject-api-2.0.0.jar;C:\Users\alumno.CI7427EA983C3E\.m2\repository\org\antlr\antlr4-runtime\4.10.1\antlr4-runtime-4.10.1.jar;C:\Users\alumno.CI7427EA983C3E\.m2\repository\org\springframework\data\spring-data-jpa\3.0.4\spring-data-jpa-3.0.4.jar;C:\Users\alumno.CI7427EA983C3E\.m2\repository\org\springframework\data\spring-data-commons\3.0.4\spring-data-commons-3.0.4.jar;C:\Users\alumno.CI7427EA983C3E\.m2\repository\org\springframework\spring-orm\6.0.7\spring-orm-6.0.7.jar;C:\Users\alumno.CI7427EA983C3E\.m2\repository\org\springframework\spring-context\6.0.7\spring-context-6.0.7.jar;C:\Users\alumno.CI7427EA983C3E\.m2\repository\org\springframework\spring-tx\6.0.7\spring-tx-6.0.7.jar;C:\Users\alumno.CI7427EA983C3E\.m2\repository\org\springframework\spring-beans\6.0.7\spring-beans-6.0.7.jar;C:\Users\alumno.CI7427EA983C3E\.m2\repository\jakarta\annotation\jakarta.annotation-api\2.1.1\jakarta.annotation-api-2.1.1.jar;C:\Users\alumno.CI7427EA983C3E\.m2\repository\org\slf4j\slf4j-api\2.0.7\slf4j-api-2.0.7.jar;C:\Users\alumno.CI7427EA983C3E\.m2\repository\org\springframework\spring-aspects\6.0.7\spring-aspects-6.0.7.jar;C:\Users\alumno.CI7427EA983C3E\.m2\repository\org\springframework\boot\spring-boot-starter-validation\3.0.5\spring-boot-starter-validation-3.0.5.jar;C:\Users\alumno.CI7427EA983C3E\.m2\repository\org\springframework\boot\spring-boot-starter\3.0.5\spring-boot-starter-3.0.5.jar;C:\Users\alumno.CI7427EA983C3E\.m2\repository\org\springframework\boot\spring-boot-starter-logging\3.0.5\spring-boot-starter-logging-3.0.5.jar;C:\Users\alumno.CI7427EA983C3E\.m2\repository\ch\qos\logback\logback-classic\1.4.6\logback-classic-1.4.6.jar;C:\Users\alumno.CI7427EA983C3E\.m2\repository\ch\qos\logback\logback-core\1.4.6\logback-core-1.4.6.jar;C:\Users\alumno.CI7427EA983C3E\.m2\repository\org\apache\logging\log4j\log4j-to-slf4j\2.19.0\log4j-to-slf4j-2.19.0.jar;C:\Users\alumno.CI7427EA983C3E\.m2\repository\org\apache\logging\log4j\log4j-api\2.19.0\log4j-api-2.19.0.jar;C:\Users\alumno.CI7427EA983C3E\.m2\repository\org\slf4j\jul-to-slf4j\2.0.7\jul-to-slf4j-2.0.7.jar;C:\Users\alumno.CI7427EA983C3E\.m2\repository\org\yaml\snakeyaml\1.33\snakeyaml-1.33.jar;C:\Users\alumno.CI7427EA983C3E\.m2\repository\org\apache\tomcat\embed\tomcat-embed-el\10.1.7\tomcat-embed-el-10.1.7.jar;C:\Users\alumno.CI7427EA983C3E\.m2\repository\org\hibernate\validator\hibernate-validator\8.0.0.Final\hibernate-validator-8.0.0.Final.jar;C:\Users\alumno.CI7427EA983C3E\.m2\repository\jakarta\validation\jakarta.validation-api\3.0.2\jakarta.validation-api-3.0.2.jar;C:\Users\alumno.CI7427EA983C3E\.m2\repository\org\springframework\boot\spring-boot-starter-web\3.0.5\spring-boot-starter-web-3.0.5.jar;C:\Users\alumno.CI7427EA983C3E\.m2\repository\org\springframework\boot\spring-boot-starter-json\3.0.5\spring-boot-starter-json-3.0.5.jar;C:\Users\alumno.CI7427EA983C3E\.m2\repository\com\fasterxml\jackson\datatype\jackson-datatype-jdk8\2.14.2\jackson-datatype-jdk8-2.14.2.jar;C:\Users\alumno.CI7427EA983C3E\.m2\repository\com\fasterxml\jackson\datatype\jackson-datatype-jsr310\2.14.2\jackson-datatype-jsr310-2.14.2.jar;C:\Users\alumno.CI7427EA983C3E\.m2\repository\com\fasterxml\jackson\module\jackson-module-parameter-names\2.14.2\jackson-module-parameter-names-2.14.2.jar;C:\Users\alumno.CI7427EA983C3E\.m2\repository\org\springframework\boot\spring-boot-starter-tomcat\3.0.5\spring-boot-starter-tomcat-3.0.5.jar;C:\Users\alumno.CI7427EA983C3E\.m2\repository\org\apache\tomcat\embed\tomcat-embed-core\10.1.7\tomcat-embed-core-10.1.7.jar;C:\Users\alumno.CI7427EA983C3E\.m2\repository\org\apache\tomcat\embed\tomcat-embed-websocket\10.1.7\tomcat-embed-websocket-10.1.7.jar;C:\Users\alumno.CI7427EA983C3E\.m2\repository\org\springframework\spring-web\6.0.7\spring-web-6.0.7.jar;C:\Users\alumno.CI7427EA983C3E\.m2\repository\io\micrometer\micrometer-observation\1.10.5\micrometer-observation-1.10.5.jar;C:\Users\alumno.CI7427EA983C3E\.m2\repository\io\micrometer\micrometer-commons\1.10.5\micrometer-commons-1.10.5.jar;C:\Users\alumno.CI7427EA983C3E\.m2\repository\org\springframework\spring-webmvc\6.0.7\spring-webmvc-6.0.7.jar;C:\Users\alumno.CI7427EA983C3E\.m2\repository\org\springframework\spring-expression\6.0.7\spring-expression-6.0.7.jar;C:\Users\alumno.CI7427EA983C3E\.m2\repository\org\springframework\boot\spring-boot-devtools\3.0.5\spring-boot-devtools-3.0.5.jar;C:\Users\alumno.CI7427EA983C3E\.m2\repository\org\springframework\boot\spring-boot\3.0.5\spring-boot-3.0.5.jar;C:\Users\alumno.CI7427EA983C3E\.m2\repository\org\springframework\boot\spring-boot-autoconfigure\3.0.5\spring-boot-autoconfigure-3.0.5.jar;C:\Users\alumno.CI7427EA983C3E\.m2\repository\com\mysql\mysql-connector-j\8.0.32\mysql-connector-j-8.0.32.jar;C:\Users\alumno.CI7427EA983C3E\.m2\repository\org\projectlombok\lombok\1.18.26\lombok-1.18.26.jar;C:\Users\alumno.CI7427EA983C3E\.m2\repository\jakarta\xml\bind\jakarta.xml.bind-api\4.0.0\jakarta.xml.bind-api-4.0.0.jar;C:\Users\alumno.CI7427EA983C3E\.m2\repository\jakarta\activation\jakarta.activation-api\2.1.1\jakarta.activation-api-2.1.1.jar;C:\Users\alumno.CI7427EA983C3E\.m2\repository\org\springframework\spring-core\6.0.7\spring-core-6.0.7.jar;C:\Users\alumno.CI7427EA983C3E\.m2\repository\org\springframework\spring-jcl\6.0.7\spring-jcl-6.0.7.jar;C:\Users\alumno.CI7427EA983C3E\.m2\repository\org\springframework\boot\spring-boot-starter-security\3.0.5\spring-boot-starter-security-3.0.5.jar;C:\Users\alumno.CI7427EA983C3E\.m2\repository\org\springframework\spring-aop\6.0.7\spring-aop-6.0.7.jar;C:\Users\alumno.CI7427EA983C3E\.m2\repository\org\springframework\security\spring-security-config\6.0.2\spring-security-config-6.0.2.jar;C:\Users\alumno.CI7427EA983C3E\.m2\repository\org\springframework\security\spring-security-core\6.0.2\spring-security-core-6.0.2.jar;C:\Users\alumno.CI7427EA983C3E\.m2\repository\org\springframework\security\spring-security-crypto\6.0.2\spring-security-crypto-6.0.2.jar;C:\Users\alumno.CI7427EA983C3E\.m2\repository\org\springframework\security\spring-security-web\6.0.2\spring-security-web-6.0.2.jar;C:\Users\alumno.CI7427EA983C3E\.m2\repository\io\jsonwebtoken\jjwt\0.9.1\jjwt-0.9.1.jar;C:\Users\alumno.CI7427EA983C3E\.m2\repository\com\fasterxml\jackson\core\jackson-databind\2.14.2\jackson-databind-2.14.2.jar;C:\Users\alumno.CI7427EA983C3E\.m2\repository\com\fasterxml\jackson\core\jackson-annotations\2.14.2\jackson-annotations-2.14.2.jar;C:\Users\alumno.CI7427EA983C3E\.m2\repository\com\fasterxml\jackson\core\jackson-core\2.14.2\jackson-core-2.14.2.jar;C:\Users\alumno.CI7427EA983C3E\.m2\repository\javax\xml\bind\jaxb-api\2.3.1\jaxb-api-2.3.1.jar;C:\Users\alumno.CI7427EA983C3E\.m2\repository\javax\activation\javax.activation-api\1.2.0\javax.activation-api-1.2.0.jar
Launcher Type: SUN_STANDARD

[Global flags]
     intx CICompilerCount                          = 2                                         {product} {ergonomic}
     uint ConcGCThreads                            = 1                                         {product} {ergonomic}
     uint G1ConcRefinementThreads                  = 2                                         {product} {ergonomic}
   size_t G1HeapRegionSize                         = 1048576                                   {product} {ergonomic}
    uintx GCDrainStackTargetSize                   = 64                                        {product} {ergonomic}
   size_t InitialHeapSize                          = 67108864                                  {product} {ergonomic}
   size_t MarkStackSize                            = 4194304                                   {product} {ergonomic}
   size_t MaxHeapSize                              = 1042284544                                {product} {ergonomic}
   size_t MaxNewSize                               = 624951296                                 {product} {ergonomic}
   size_t MinHeapDeltaBytes                        = 1048576                                   {product} {ergonomic}
   size_t MinHeapSize                              = 8388608                                   {product} {ergonomic}
    uintx NonNMethodCodeHeapSize                   = 5826188                                {pd product} {ergonomic}
    uintx NonProfiledCodeHeapSize                  = 122916026                              {pd product} {ergonomic}
    uintx ProfiledCodeHeapSize                     = 122916026                              {pd product} {ergonomic}
    uintx ReservedCodeCacheSize                    = 251658240                              {pd product} {ergonomic}
     bool SegmentedCodeCache                       = true                                      {product} {ergonomic}
   size_t SoftMaxHeapSize                          = 1042284544                             {manageable} {ergonomic}
     bool UseCompressedClassPointers               = true                           {product lp64_product} {ergonomic}
     bool UseCompressedOops                        = true                           {product lp64_product} {ergonomic}
     bool UseG1GC                                  = true                                      {product} {ergonomic}
     bool UseLargePagesIndividualAllocation        = false                                  {pd product} {ergonomic}

Logging:
Log output configuration:
 #0: stdout all=warning uptime,level,tags foldmultilines=false
 #1: stderr all=off uptime,level,tags foldmultilines=false

Environment Variables:
JAVA_HOME=C:\Program Files\Java\jdk-20
PATH=C:\Program Files\Common Files\Oracle\Java\javapath;C:\Program Files (x86)\Intel\TXE Components\TCS\;C:\Program Files\Intel\TXE Components\TCS\;C:\Windows\system32;C:\Windows;C:\Windows\System32\Wbem;C:\Windows\System32\WindowsPowerShell\v1.0\;C:\Program Files (x86)\Common Files\Intel Education\Application Support;C:\Program Files (x86)\Security Innovation\TSS\bin\;C:\Program Files (x86)\Windows Live\Shared;C:\Program Files\nodejs\;C:\Program Files\Git\cmd;C:\Program Files\MySQL\MySQL Shell 8.0\bin\;C:\Users\alumno.CI7427EA983C3E\AppData\Local\Programs\Microsoft VS Code\bin;C:\Users\alumno.CI7427EA983C3E\AppData\Roaming\npm
USERNAME=alumno
OS=Windows_NT
PROCESSOR_IDENTIFIER=Intel64 Family 6 Model 55 Stepping 8, GenuineIntel
TMP=C:\Users\ALUMNO~1.CI7\AppData\Local\Temp
TEMP=C:\Users\ALUMNO~1.CI7\AppData\Local\Temp




---------------  S Y S T E M  ---------------

OS:
 Windows 8.1 , 64 bit Build 9600 (6.3.9600.20778)
OS uptime: 8 days 11:05 hours

CPU: total 2 (initial active 2) (2 cores per cpu, 1 threads per core) family 6 model 55 stepping 8 microcode 0x808, cx8, cmov, fxsr, mmx, 3dnowpref, sse, sse2, sse3, ssse3, sse4.1, sse4.2, popcnt, tsc, tscinvbit, erms, clmul, clflush, rdtscp

Memory: 4k page, system-wide physical 3973M (161M free)
TotalPageFile size 7045M (AvailPageFile size 4M)
current process WorkingSet (physical memory assigned to process): 189M, peak: 189M
current process commit charge ("private bytes"): 217M, peak: 218M

vm_info: Java HotSpot(TM) 64-Bit Server VM (20+36-2344) for windows-amd64 JRE (20+36-2344), built on 2023-02-10T19:30:15Z by "mach5one" with MS VC++ 17.1 (VS2022)

END.
