#
# There is insufficient memory for the Java Runtime Environment to continue.
# Native memory allocation (mmap) failed to map 67108864 bytes for G1 virtual space
# Possible reasons:
#   The system is out of physical RAM or swap space
#   The process is running with CompressedOops enabled, and the Java Heap may be blocking the growth of the native heap
# Possible solutions:
#   Reduce memory load on the system
#   Increase physical memory or swap space
#   Check if swap backing store is full
#   Decrease Java heap size (-Xmx/-Xms)
#   Decrease number of Java threads
#   Decrease Java thread stack sizes (-Xss)
#   Set larger code cache with -XX:ReservedCodeCacheSize=
#   JVM is running with Unscaled Compressed Oops mode in which the Java heap is
#     placed in the first 4GB address space. The Java Heap base address is the
#     maximum limit for the native heap growth. Please use -XX:HeapBaseMinAddress
#     to set the Java Heap base and to place the Java Heap above 4GB virtual address.
# This output file may be truncated or incomplete.
#
#  Out of Memory Error (os_windows.cpp:3528), pid=2028, tid=5788
#
# JRE version:  (20.0+36) (build )
# Java VM: Java HotSpot(TM) 64-Bit Server VM (20+36-2344, mixed mode, sharing, tiered, compressed oops, compressed class ptrs, g1 gc, windows-amd64)
# No core dump will be written. Minidumps are not enabled by default on client versions of Windows
#

---------------  S U M M A R Y ------------

Command Line: com.portafolio.Backendap.BackendApApplication

Host: Intel(R) Celeron(R) CPU  N2807  @ 1.58GHz, 2 cores, 3G,  Windows 8.1 , 64 bit Build 9600 (6.3.9600.20778)
Time: Sun May  7 01:29:18 2023 Hora estándar de Argentina elapsed time: 0.055693 seconds (0d 0h 0m 0s)

---------------  T H R E A D  ---------------

Current thread (0x000000e9aeb81170):  JavaThread "Unknown thread" [_thread_in_vm, id=5788, stack(0x000000e9ae210000,0x000000e9ae310000)]

Stack: [0x000000e9ae210000,0x000000e9ae310000]
Native frames: (J=compiled Java code, j=interpreted, Vv=VM code, C=native code)
V  [jvm.dll+0x6bb95a]
V  [jvm.dll+0x8483aa]
V  [jvm.dll+0x849fa5]
V  [jvm.dll+0x84a6a3]
V  [jvm.dll+0x280b0f]
V  [jvm.dll+0x6b86e9]
V  [jvm.dll+0x6ad2da]
V  [jvm.dll+0x35adf5]
V  [jvm.dll+0x363016]
V  [jvm.dll+0x3b3b3e]
V  [jvm.dll+0x3b3dc5]
V  [jvm.dll+0x32b50a]
V  [jvm.dll+0x32c32b]
V  [jvm.dll+0x81106f]
V  [jvm.dll+0x3c0d91]
V  [jvm.dll+0x7fcd93]
V  [jvm.dll+0x44c76f]
V  [jvm.dll+0x44e0e1]
C  [jli.dll+0x5287]
C  [ucrtbase.DLL+0x214c2]
C  [KERNEL32.DLL+0x1412]
C  [ntdll.dll+0x15504]


---------------  P R O C E S S  ---------------

Threads class SMR info:
_java_thread_list=0x00007ffe5b49a098, length=0, elements={
}

Java Threads: ( => current thread )

Other Threads:
  0x000000e9aebc0780 WorkerThread "GC Thread#0" [stack: 0x000000e9ae970000,0x000000e9aea70000] [id=2880]
  0x000000e9aebc92d0 ConcurrentGCThread "G1 Main Marker" [stack: 0x000000e9c6f90000,0x000000e9c7090000] [id=7128]
  0x000000e9aebc9ea0 WorkerThread "G1 Conc#0" [stack: 0x000000e9c7090000,0x000000e9c7190000] [id=5200]

[error occurred during error reporting (printing all threads), id 0xc0000005, EXCEPTION_ACCESS_VIOLATION (0xc0000005) at pc=0x00007ffe5ac7eb47]
VM state: not at safepoint (not fully initialized)

VM Mutex/Monitor currently owned by a thread:  ([mutex/lock_event])
[0x000000e9aeb7fa20] Heap_lock - owner thread: 0x000000e9aeb81170

Heap address: 0x00000000c1e00000, size: 994 MB, Compressed Oops mode: 32-bit

CDS archive(s) mapped at: [0x0000000000000000-0x0000000000000000-0x0000000000000000), size 0, SharedBaseAddress: 0x0000000800000000, ArchiveRelocationMode: 0.
Narrow klass base: 0x0000000000000000, Narrow klass shift: 0, Narrow klass range: 0x0

GC Precious Log:
 CardTable entry size: 512
 Card Set container configuration: InlinePtr #cards 5 size 8 Array Of Cards #cards 12 size 40 Howl #buckets 4 coarsen threshold 1843 Howl Bitmap #cards 512 size 80 coarsen threshold 460 Card regions per heap region 1 cards per card region 2048

Heap:
 garbage-first heap   total 0K, used 0K [0x00000000c1e00000, 0x0000000100000000)
  region size 1024K, 0 young (0K), 0 survivors (0K)

[error occurred during error reporting (printing heap information), id 0xc0000005, EXCEPTION_ACCESS_VIOLATION (0xc0000005) at pc=0x00007ffe5b053c59]
GC Heap History (0 events):
No events

Dll operation events (1 events):
Event: 0.017 Loaded shared library C:\Program Files\Java\jdk-20\bin\java.dll

Deoptimization events (0 events):
No events

Classes loaded (0 events):
No events

Classes unloaded (0 events):
No events

Classes redefined (0 events):
No events

Internal exceptions (0 events):
No events

VM Operations (0 events):
No events

Events (0 events):
No events


Dynamic libraries:
0x00007ff7bfbe0000 - 0x00007ff7bfbf0000 	C:\Program Files\Java\jdk-20\bin\java.exe
0x00007ffe888d0000 - 0x00007ffe88a7d000 	C:\Windows\SYSTEM32\ntdll.dll
0x00007ffe86260000 - 0x00007ffe8639f000 	C:\Windows\system32\KERNEL32.DLL
0x00007ffe85b80000 - 0x00007ffe85c94000 	C:\Windows\system32\KERNELBASE.dll
0x00007ffe729d0000 - 0x00007ffe729e9000 	C:\Program Files\Java\jdk-20\bin\jli.dll
0x00007ffe76ea0000 - 0x00007ffe76ebb000 	C:\Program Files\Java\jdk-20\bin\VCRUNTIME140.dll
0x00007ffe76d00000 - 0x00007ffe76d04000 	C:\Program Files\Java\jdk-20\bin\api-ms-win-crt-stdio-l1-1-0.dll
0x00007ffe76a40000 - 0x00007ffe76a44000 	C:\Program Files\Java\jdk-20\bin\api-ms-win-crt-runtime-l1-1-0.dll
0x00007ffe755f0000 - 0x00007ffe755f3000 	C:\Program Files\Java\jdk-20\bin\api-ms-win-crt-environment-l1-1-0.dll
0x00007ffe76bf0000 - 0x00007ffe76bf5000 	C:\Program Files\Java\jdk-20\bin\api-ms-win-crt-math-l1-1-0.dll
0x00007ffe77f50000 - 0x00007ffe77f53000 	C:\Program Files\Java\jdk-20\bin\api-ms-win-crt-locale-l1-1-0.dll
0x00007ffe74e20000 - 0x00007ffe74e23000 	C:\Program Files\Java\jdk-20\bin\api-ms-win-crt-heap-l1-1-0.dll
0x00007ffe86830000 - 0x00007ffe868dd000 	C:\Windows\system32\ADVAPI32.dll
0x00007ffe82f10000 - 0x00007ffe8318b000 	C:\Windows\WinSxS\amd64_microsoft.windows.common-controls_6595b64144ccf1df_6.0.9600.19394_none_62486577ecb635cf\COMCTL32.dll
0x00007ffe883e0000 - 0x00007ffe88557000 	C:\Windows\system32\USER32.dll
0x00007ffe7e420000 - 0x00007ffe7e42a000 	C:\Windows\SYSTEM32\VERSION.dll
0x00007ffe74e40000 - 0x00007ffe74e43000 	C:\Program Files\Java\jdk-20\bin\api-ms-win-crt-filesystem-l1-1-0.dll
0x00007ffe76cf0000 - 0x00007ffe76cf4000 	C:\Program Files\Java\jdk-20\bin\api-ms-win-crt-string-l1-1-0.dll
0x00007ffe76a30000 - 0x00007ffe76a34000 	C:\Program Files\Java\jdk-20\bin\api-ms-win-crt-convert-l1-1-0.dll
0x00007ffe85f50000 - 0x00007ffe85ffa000 	C:\Windows\system32\msvcrt.dll
0x00007ffe867c0000 - 0x00007ffe8681b000 	C:\Windows\SYSTEM32\sechost.dll
0x00007ffe880a0000 - 0x00007ffe881d5000 	C:\Windows\system32\RPCRT4.dll
0x00007ffe88780000 - 0x00007ffe888cf000 	C:\Windows\system32\GDI32.dll
0x00007ffe6f0d0000 - 0x00007ffe6f1d0000 	C:\Program Files\Java\jdk-20\bin\ucrtbase.DLL
0x00007ffe85b50000 - 0x00007ffe85b7e000 	C:\Windows\system32\SspiCli.dll
0x00007ffe863a0000 - 0x00007ffe863d6000 	C:\Windows\system32\IMM32.DLL
0x00007ffe88620000 - 0x00007ffe88771000 	C:\Windows\system32\MSCTF.dll
0x00007ffe76e90000 - 0x00007ffe76e9c000 	C:\Program Files\Java\jdk-20\bin\vcruntime140_1.dll
0x00007ffe73120000 - 0x00007ffe731ae000 	C:\Program Files\Java\jdk-20\bin\msvcp140.dll
0x00007ffe74e30000 - 0x00007ffe74e33000 	C:\Program Files\Java\jdk-20\bin\api-ms-win-crt-time-l1-1-0.dll
0x00007ffe76be0000 - 0x00007ffe76be3000 	C:\Program Files\Java\jdk-20\bin\api-ms-win-crt-utility-l1-1-0.dll
0x00007ffe5a940000 - 0x00007ffe5b5d7000 	C:\Program Files\Java\jdk-20\bin\server\jvm.dll
0x00007ffe76ec0000 - 0x00007ffe76ec9000 	C:\Windows\SYSTEM32\WSOCK32.dll
0x00007ffe822a0000 - 0x00007ffe822c2000 	C:\Windows\SYSTEM32\WINMM.dll
0x00007ffe863e0000 - 0x00007ffe8643a000 	C:\Windows\system32\WS2_32.dll
0x00007ffe82270000 - 0x00007ffe8229a000 	C:\Windows\SYSTEM32\WINMMBASE.dll
0x00007ffe86750000 - 0x00007ffe86759000 	C:\Windows\system32\NSI.dll
0x00007ffe85ca0000 - 0x00007ffe85cef000 	C:\Windows\SYSTEM32\cfgmgr32.dll
0x00007ffe847c0000 - 0x00007ffe847e8000 	C:\Windows\SYSTEM32\DEVOBJ.dll
0x00007ffe74d30000 - 0x00007ffe74d3a000 	C:\Program Files\Java\jdk-20\bin\jimage.dll
0x00007ffe7cd60000 - 0x00007ffe7ceea000 	C:\Windows\SYSTEM32\DBGHELP.DLL
0x00007ffe73260000 - 0x00007ffe73286000 	C:\Program Files\Java\jdk-20\bin\java.dll

dbghelp: loaded successfully - version: 4.0.5 - missing functions: none
symbol engine: initialized successfully - sym options: 0x614 - pdb path: .;C:\Program Files\Java\jdk-20\bin;C:\Windows\SYSTEM32;C:\Windows\WinSxS\amd64_microsoft.windows.common-controls_6595b64144ccf1df_6.0.9600.19394_none_62486577ecb635cf;C:\Program Files\Java\jdk-20\bin\server

VM Arguments:
java_command: com.portafolio.Backendap.BackendApApplication
java_class_path (initial): C:\Users\alumno.CI7427EA983C3E\Desktop\Backend-ap\target\classes;C:\Users\alumno.CI7427EA983C3E\.m2\repository\org\springframework\boot\spring-boot-starter-data-jpa\3.0.5\spring-boot-starter-data-jpa-3.0.5.jar;C:\Users\alumno.CI7427EA983C3E\.m2\repository\org\springframework\boot\spring-boot-starter-aop\3.0.5\spring-boot-starter-aop-3.0.5.jar;C:\Users\alumno.CI7427EA983C3E\.m2\repository\org\aspectj\aspectjweaver\1.9.19\aspectjweaver-1.9.19.jar;C:\Users\alumno.CI7427EA983C3E\.m2\repository\org\springframework\boot\spring-boot-starter-jdbc\3.0.5\spring-boot-starter-jdbc-3.0.5.jar;C:\Users\alumno.CI7427EA983C3E\.m2\repository\com\zaxxer\HikariCP\5.0.1\HikariCP-5.0.1.jar;C:\Users\alumno.CI7427EA983C3E\.m2\repository\org\springframework\spring-jdbc\6.0.7\spring-jdbc-6.0.7.jar;C:\Users\alumno.CI7427EA983C3E\.m2\repository\org\hibernate\orm\hibernate-core\6.1.7.Final\hibernate-core-6.1.7.Final.jar;C:\Users\alumno.CI7427EA983C3E\.m2\repository\jakarta\persistence\jakarta.persistence-api\3.1.0\jakarta.persistence-api-3.1.0.jar;C:\Users\alumno.CI7427EA983C3E\.m2\repository\jakarta\transaction\jakarta.transaction-api\2.0.1\jakarta.transaction-api-2.0.1.jar;C:\Users\alumno.CI7427EA983C3E\.m2\repository\org\jboss\logging\jboss-logging\3.5.0.Final\jboss-logging-3.5.0.Final.jar;C:\Users\alumno.CI7427EA983C3E\.m2\repository\org\hibernate\common\hibernate-commons-annotations\6.0.6.Final\hibernate-commons-annotations-6.0.6.Final.jar;C:\Users\alumno.CI7427EA983C3E\.m2\repository\org\jboss\jandex\2.4.2.Final\jandex-2.4.2.Final.jar;C:\Users\alumno.CI7427EA983C3E\.m2\repository\com\fasterxml\classmate\1.5.1\classmate-1.5.1.jar;C:\Users\alumno.CI7427EA983C3E\.m2\repository\net\bytebuddy\byte-buddy\1.12.23\byte-buddy-1.12.23.jar;C:\Users\alumno.CI7427EA983C3E\.m2\repository\org\glassfish\jaxb\jaxb-runtime\4.0.2\jaxb-runtime-4.0.2.jar;C:\Users\alumno.CI7427EA983C3E\.m2\repository\org\glassfish\jaxb\jaxb-core\4.0.2\jaxb-core-4.0.2.jar;C:\Users\alumno.CI7427EA983C3E\.m2\repository\org\eclipse\angus\angus-activation\2.0.0\angus-activation-2.0.0.jar;C:\Users\alumno.CI7427EA983C3E\.m2\repository\org\glassfish\jaxb\txw2\4.0.2\txw2-4.0.2.jar;C:\Users\alumno.CI7427EA983C3E\.m2\repository\com\sun\istack\istack-commons-runtime\4.1.1\istack-commons-runtime-4.1.1.jar;C:\Users\alumno.CI7427EA983C3E\.m2\repository\jakarta\inject\jakarta.inject-api\2.0.0\jakarta.inject-api-2.0.0.jar;C:\Users\alumno.CI7427EA983C3E\.m2\repository\org\antlr\antlr4-runtime\4.10.1\antlr4-runtime-4.10.1.jar;C:\Users\alumno.CI7427EA983C3E\.m2\repository\org\springframework\data\spring-data-jpa\3.0.4\spring-data-jpa-3.0.4.jar;C:\Users\alumno.CI7427EA983C3E\.m2\repository\org\springframework\data\spring-data-commons\3.0.4\spring-data-commons-3.0.4.jar;C:\Users\alumno.CI7427EA983C3E\.m2\repository\org\springframework\spring-orm\6.0.7\spring-orm-6.0.7.jar;C:\Users\alumno.CI7427EA983C3E\.m2\repository\org\springframework\spring-context\6.0.7\spring-context-6.0.7.jar;C:\Users\alumno.CI7427EA983C3E\.m2\repository\org\springframework\spring-tx\6.0.7\spring-tx-6.0.7.jar;C:\Users\alumno.CI7427EA983C3E\.m2\repository\org\springframework\spring-beans\6.0.7\spring-beans-6.0.7.jar;C:\Users\alumno.CI7427EA983C3E\.m2\repository\jakarta\annotation\jakarta.annotation-api\2.1.1\jakarta.annotation-api-2.1.1.jar;C:\Users\alumno.CI7427EA983C3E\.m2\repository\org\slf4j\slf4j-api\2.0.7\slf4j-api-2.0.7.jar;C:\Users\alumno.CI7427EA983C3E\.m2\repository\org\springframework\spring-aspects\6.0.7\spring-aspects-6.0.7.jar;C:\Users\alumno.CI7427EA983C3E\.m2\repository\org\springframework\boot\spring-boot-starter-validation\3.0.5\spring-boot-starter-validation-3.0.5.jar;C:\Users\alumno.CI7427EA983C3E\.m2\repository\org\springframework\boot\spring-boot-starter\3.0.5\spring-boot-starter-3.0.5.jar;C:\Users\alumno.CI7427EA983C3E\.m2\repository\org\springframework\boot\spring-boot-starter-logging\3.0.5\spring-boot-starter-logging-3.0.5.jar;C:\Users\alumno.CI7427EA983C3E\.m2\repository\ch\qos\logback\logback-classic\1.4.6\logback-classic-1.4.6.jar;C:\Users\alumno.CI7427EA983C3E\.m2\repository\ch\qos\logback\logback-core\1.4.6\logback-core-1.4.6.jar;C:\Users\alumno.CI7427EA983C3E\.m2\repository\org\apache\logging\log4j\log4j-to-slf4j\2.19.0\log4j-to-slf4j-2.19.0.jar;C:\Users\alumno.CI7427EA983C3E\.m2\repository\org\apache\logging\log4j\log4j-api\2.19.0\log4j-api-2.19.0.jar;C:\Users\alumno.CI7427EA983C3E\.m2\repository\org\slf4j\jul-to-slf4j\2.0.7\jul-to-slf4j-2.0.7.jar;C:\Users\alumno.CI7427EA983C3E\.m2\repository\org\yaml\snakeyaml\1.33\snakeyaml-1.33.jar;C:\Users\alumno.CI7427EA983C3E\.m2\repository\org\apache\tomcat\embed\tomcat-embed-el\10.1.7\tomcat-embed-el-10.1.7.jar;C:\Users\alumno.CI7427EA983C3E\.m2\repository\org\hibernate\validator\hibernate-validator\8.0.0.Final\hibernate-validator-8.0.0.Final.jar;C:\Users\alumno.CI7427EA983C3E\.m2\repository\jakarta\validation\jakarta.validation-api\3.0.2\jakarta.validation-api-3.0.2.jar;C:\Users\alumno.CI7427EA983C3E\.m2\repository\org\springframework\boot\spring-boot-starter-web\3.0.5\spring-boot-starter-web-3.0.5.jar;C:\Users\alumno.CI7427EA983C3E\.m2\repository\org\springframework\boot\spring-boot-starter-json\3.0.5\spring-boot-starter-json-3.0.5.jar;C:\Users\alumno.CI7427EA983C3E\.m2\repository\com\fasterxml\jackson\datatype\jackson-datatype-jdk8\2.14.2\jackson-datatype-jdk8-2.14.2.jar;C:\Users\alumno.CI7427EA983C3E\.m2\repository\com\fasterxml\jackson\datatype\jackson-datatype-jsr310\2.14.2\jackson-datatype-jsr310-2.14.2.jar;C:\Users\alumno.CI7427EA983C3E\.m2\repository\com\fasterxml\jackson\module\jackson-module-parameter-names\2.14.2\jackson-module-parameter-names-2.14.2.jar;C:\Users\alumno.CI7427EA983C3E\.m2\repository\org\springframework\boot\spring-boot-starter-tomcat\3.0.5\spring-boot-starter-tomcat-3.0.5.jar;C:\Users\alumno.CI7427EA983C3E\.m2\repository\org\apache\tomcat\embed\tomcat-embed-core\10.1.7\tomcat-embed-core-10.1.7.jar;C:\Users\alumno.CI7427EA983C3E\.m2\repository\org\apache\tomcat\embed\tomcat-embed-websocket\10.1.7\tomcat-embed-websocket-10.1.7.jar;C:\Users\alumno.CI7427EA983C3E\.m2\repository\org\springframework\spring-web\6.0.7\spring-web-6.0.7.jar;C:\Users\alumno.CI7427EA983C3E\.m2\repository\io\micrometer\micrometer-observation\1.10.5\micrometer-observation-1.10.5.jar;C:\Users\alumno.CI7427EA983C3E\.m2\repository\io\micrometer\micrometer-commons\1.10.5\micrometer-commons-1.10.5.jar;C:\Users\alumno.CI7427EA983C3E\.m2\repository\org\springframework\spring-webmvc\6.0.7\spring-webmvc-6.0.7.jar;C:\Users\alumno.CI7427EA983C3E\.m2\repository\org\springframework\spring-expression\6.0.7\spring-expression-6.0.7.jar;C:\Users\alumno.CI7427EA983C3E\.m2\repository\org\springframework\boot\spring-boot-devtools\3.0.5\spring-boot-devtools-3.0.5.jar;C:\Users\alumno.CI7427EA983C3E\.m2\repository\org\springframework\boot\spring-boot\3.0.5\spring-boot-3.0.5.jar;C:\Users\alumno.CI7427EA983C3E\.m2\repository\org\springframework\boot\spring-boot-autoconfigure\3.0.5\spring-boot-autoconfigure-3.0.5.jar;C:\Users\alumno.CI7427EA983C3E\.m2\repository\com\mysql\mysql-connector-j\8.0.32\mysql-connector-j-8.0.32.jar;C:\Users\alumno.CI7427EA983C3E\.m2\repository\org\projectlombok\lombok\1.18.26\lombok-1.18.26.jar;C:\Users\alumno.CI7427EA983C3E\.m2\repository\jakarta\xml\bind\jakarta.xml.bind-api\4.0.0\jakarta.xml.bind-api-4.0.0.jar;C:\Users\alumno.CI7427EA983C3E\.m2\repository\jakarta\activation\jakarta.activation-api\2.1.1\jakarta.activation-api-2.1.1.jar;C:\Users\alumno.CI7427EA983C3E\.m2\repository\org\springframework\spring-core\6.0.7\spring-core-6.0.7.jar;C:\Users\alumno.CI7427EA983C3E\.m2\repository\org\springframework\spring-jcl\6.0.7\spring-jcl-6.0.7.jar;C:\Users\alumno.CI7427EA983C3E\.m2\repository\org\springframework\boot\spring-boot-starter-security\3.0.5\spring-boot-starter-security-3.0.5.jar;C:\Users\alumno.CI7427EA983C3E\.m2\repository\org\springframework\spring-aop\6.0.7\spring-aop-6.0.7.jar;C:\Users\alumno.CI7427EA983C3E\.m2\repository\org\springframework\security\spring-security-config\6.0.2\spring-security-config-6.0.2.jar;C:\Users\alumno.CI7427EA983C3E\.m2\repository\org\springframework\security\spring-security-core\6.0.2\spring-security-core-6.0.2.jar;C:\Users\alumno.CI7427EA983C3E\.m2\repository\org\springframework\security\spring-security-crypto\6.0.2\spring-security-crypto-6.0.2.jar;C:\Users\alumno.CI7427EA983C3E\.m2\repository\org\springframework\security\spring-security-web\6.0.2\spring-security-web-6.0.2.jar;C:\Users\alumno.CI7427EA983C3E\.m2\repository\io\jsonwebtoken\jjwt\0.9.1\jjwt-0.9.1.jar;C:\Users\alumno.CI7427EA983C3E\.m2\repository\com\fasterxml\jackson\core\jackson-databind\2.14.2\jackson-databind-2.14.2.jar;C:\Users\alumno.CI7427EA983C3E\.m2\repository\com\fasterxml\jackson\core\jackson-annotations\2.14.2\jackson-annotations-2.14.2.jar;C:\Users\alumno.CI7427EA983C3E\.m2\repository\com\fasterxml\jackson\core\jackson-core\2.14.2\jackson-core-2.14.2.jar;C:\Users\alumno.CI7427EA983C3E\.m2\repository\javax\xml\bind\jaxb-api\2.3.1\jaxb-api-2.3.1.jar;C:\Users\alumno.CI7427EA983C3E\.m2\repository\javax\activation\javax.activation-api\1.2.0\javax.activation-api-1.2.0.jar
Launcher Type: SUN_STANDARD

[Global flags]
     intx CICompilerCount                          = 2                                         {product} {ergonomic}
     uint ConcGCThreads                            = 1                                         {product} {ergonomic}
     uint G1ConcRefinementThreads                  = 2                                         {product} {ergonomic}
   size_t G1HeapRegionSize                         = 1048576                                   {product} {ergonomic}
    uintx GCDrainStackTargetSize                   = 64                                        {product} {ergonomic}
   size_t InitialHeapSize                          = 67108864                                  {product} {ergonomic}
   size_t MarkStackSize                            = 4194304                                   {product} {ergonomic}
   size_t MaxHeapSize                              = 1042284544                                {product} {ergonomic}
   size_t MinHeapDeltaBytes                        = 1048576                                   {product} {ergonomic}
   size_t MinHeapSize                              = 8388608                                   {product} {ergonomic}
    uintx NonNMethodCodeHeapSize                   = 5826188                                {pd product} {ergonomic}
    uintx NonProfiledCodeHeapSize                  = 122916026                              {pd product} {ergonomic}
    uintx ProfiledCodeHeapSize                     = 122916026                              {pd product} {ergonomic}
    uintx ReservedCodeCacheSize                    = 251658240                              {pd product} {ergonomic}
     bool SegmentedCodeCache                       = true                                      {product} {ergonomic}
   size_t SoftMaxHeapSize                          = 1042284544                             {manageable} {ergonomic}
     bool UseCompressedClassPointers               = true                           {product lp64_product} {ergonomic}
     bool UseCompressedOops                        = true                           {product lp64_product} {ergonomic}
     bool UseG1GC                                  = true                                      {product} {ergonomic}
     bool UseLargePagesIndividualAllocation        = false                                  {pd product} {ergonomic}

Logging:
Log output configuration:
 #0: stdout all=warning uptime,level,tags foldmultilines=false
 #1: stderr all=off uptime,level,tags foldmultilines=false

Environment Variables:
JAVA_HOME=C:\Program Files\Java\jdk-20
PATH=C:\Program Files\Common Files\Oracle\Java\javapath;C:\Program Files (x86)\Intel\TXE Components\TCS\;C:\Program Files\Intel\TXE Components\TCS\;C:\Windows\system32;C:\Windows;C:\Windows\System32\Wbem;C:\Windows\System32\WindowsPowerShell\v1.0\;C:\Program Files (x86)\Common Files\Intel Education\Application Support;C:\Program Files (x86)\Security Innovation\TSS\bin\;C:\Program Files (x86)\Windows Live\Shared;C:\Program Files\nodejs\;C:\Program Files\Git\cmd;C:\Program Files\MySQL\MySQL Shell 8.0\bin\;C:\Users\alumno.CI7427EA983C3E\AppData\Local\Programs\Microsoft VS Code\bin;C:\Users\alumno.CI7427EA983C3E\AppData\Roaming\npm
USERNAME=alumno
OS=Windows_NT
PROCESSOR_IDENTIFIER=Intel64 Family 6 Model 55 Stepping 8, GenuineIntel
TMP=C:\Users\ALUMNO~1.CI7\AppData\Local\Temp
TEMP=C:\Users\ALUMNO~1.CI7\AppData\Local\Temp




---------------  S Y S T E M  ---------------

OS:
 Windows 8.1 , 64 bit Build 9600 (6.3.9600.20778)
OS uptime: 8 days 11:08 hours

CPU: total 2 (initial active 2) (2 cores per cpu, 1 threads per core) family 6 model 55 stepping 8 microcode 0x808, cx8, cmov, fxsr, mmx, 3dnowpref, sse, sse2, sse3, ssse3, sse4.1, sse4.2, popcnt, tsc, tscinvbit, erms, clmul, clflush, rdtscp

Memory: 4k page, system-wide physical 3973M (368M free)
TotalPageFile size 7045M (AvailPageFile size 36M)
current process WorkingSet (physical memory assigned to process): 9M, peak: 9M
current process commit charge ("private bytes"): 47M, peak: 111M

vm_info: Java HotSpot(TM) 64-Bit Server VM (20+36-2344) for windows-amd64 JRE (20+36-2344), built on 2023-02-10T19:30:15Z by "mach5one" with MS VC++ 17.1 (VS2022)

END.
