#
# There is insufficient memory for the Java Runtime Environment to continue.
# Native memory allocation (malloc) failed to allocate 141936 bytes for Chunk::new
# Possible reasons:
#   The system is out of physical RAM or swap space
#   The process is running with CompressedOops enabled, and the Java Heap may be blocking the growth of the native heap
# Possible solutions:
#   Reduce memory load on the system
#   Increase physical memory or swap space
#   Check if swap backing store is full
#   Decrease Java heap size (-Xmx/-Xms)
#   Decrease number of Java threads
#   Decrease Java thread stack sizes (-Xss)
#   Set larger code cache with -XX:ReservedCodeCacheSize=
#   JVM is running with Unscaled Compressed Oops mode in which the Java heap is
#     placed in the first 4GB address space. The Java Heap base address is the
#     maximum limit for the native heap growth. Please use -XX:HeapBaseMinAddress
#     to set the Java Heap base and to place the Java Heap above 4GB virtual address.
# This output file may be truncated or incomplete.
#
#  Out of Memory Error (arena.cpp:184), pid=788, tid=1284
#
# JRE version: Java(TM) SE Runtime Environment (20.0+36) (build 20+36-2344)
# Java VM: Java HotSpot(TM) 64-Bit Server VM (20+36-2344, mixed mode, sharing, tiered, compressed oops, compressed class ptrs, g1 gc, windows-amd64)
# No core dump will be written. Minidumps are not enabled by default on client versions of Windows
#

---------------  S U M M A R Y ------------

Command Line: -Dmaven.multiModuleProjectDirectory=C:\Users\alumno.CI7427EA983C3E\Desktop\Backend-ap org.apache.maven.wrapper.MavenWrapperMain -Dexec.vmArgs= -Dexec.args=${exec.vmArgs} -classpath %classpath ${exec.mainClass} ${exec.appArgs} -Dexec.executable=C:\Program Files\Java\jdk-20\bin\java.exe -Dexec.mainClass=com.portafolio.Backendap.BackendApApplication -Dexec.classpathScope=runtime -Dexec.appArgs= -Dmaven.ext.class.path=C:\Program Files\NetBeans-16\netbeans\java\maven-nblib\netbeans-eventspy.jar org.codehaus.mojo:exec-maven-plugin:3.0.0:exec

Host: Intel(R) Celeron(R) CPU  N2807  @ 1.58GHz, 2 cores, 3G,  Windows 8.1 , 64 bit Build 9600 (6.3.9600.20778)
Time: Mon May  8 11:34:32 2023 Hora estándar de Argentina elapsed time: 184.013730 seconds (0d 0h 3m 4s)

---------------  T H R E A D  ---------------

Current thread (0x000000b3379adc30):  JavaThread "C2 CompilerThread0" daemon [_thread_in_native, id=1284, stack(0x000000b33c300000,0x000000b33c400000)]


Current CompileTask:
C2: 184014 4120       4       org.fusesource.jansi.io.AnsiOutputStream::write (898 bytes)

Stack: [0x000000b33c300000,0x000000b33c400000]
Native frames: (J=compiled Java code, j=interpreted, Vv=VM code, C=native code)
V  [jvm.dll+0x6bb95a]
V  [jvm.dll+0x8483aa]
V  [jvm.dll+0x849fa5]
V  [jvm.dll+0x84a6a3]
V  [jvm.dll+0x280b0f]
V  [jvm.dll+0xc2b11]
V  [jvm.dll+0xc2e35]
V  [jvm.dll+0x3bb142]
V  [jvm.dll+0x3857f5]
V  [jvm.dll+0x384c6a]
V  [jvm.dll+0x24b259]
V  [jvm.dll+0x24a651]
V  [jvm.dll+0x1ce491]
V  [jvm.dll+0x259e1b]
V  [jvm.dll+0x2584f0]
V  [jvm.dll+0x3f2895]
V  [jvm.dll+0x7f4906]
V  [jvm.dll+0x6ba5cb]
C  [ucrtbase.DLL+0x214c2]
C  [KERNEL32.DLL+0x1412]
C  [ntdll.dll+0x15504]


---------------  P R O C E S S  ---------------

Threads class SMR info:
_java_thread_list=0x000000b33d9930d0, length=14, elements={
0x000000b31cf12d20, 0x000000b3379a2270, 0x000000b3379a3c30, 0x000000b3379a6070,
0x000000b3379a7d20, 0x000000b3379ac680, 0x000000b3379acfc0, 0x000000b3379adc30,
0x000000b3379b9a80, 0x000000b33c5a9b00, 0x000000b33c5b9ed0, 0x000000b33ce82af0,
0x000000b33ce805c0, 0x000000b33ce81060
}

Java Threads: ( => current thread )
  0x000000b31cf12d20 JavaThread "main" [_thread_in_native, id=5732, stack(0x000000b31ae10000,0x000000b31af10000)]
  0x000000b3379a2270 JavaThread "Reference Handler" daemon [_thread_blocked, id=1416, stack(0x000000b33bd00000,0x000000b33be00000)]
  0x000000b3379a3c30 JavaThread "Finalizer" daemon [_thread_blocked, id=2284, stack(0x000000b33be00000,0x000000b33bf00000)]
  0x000000b3379a6070 JavaThread "Signal Dispatcher" daemon [_thread_blocked, id=7704, stack(0x000000b33bf00000,0x000000b33c000000)]
  0x000000b3379a7d20 JavaThread "Attach Listener" daemon [_thread_blocked, id=8580, stack(0x000000b33c000000,0x000000b33c100000)]
  0x000000b3379ac680 JavaThread "Service Thread" daemon [_thread_blocked, id=4552, stack(0x000000b33c100000,0x000000b33c200000)]
  0x000000b3379acfc0 JavaThread "Monitor Deflation Thread" daemon [_thread_blocked, id=7596, stack(0x000000b33c200000,0x000000b33c300000)]
=>0x000000b3379adc30 JavaThread "C2 CompilerThread0" daemon [_thread_in_native, id=1284, stack(0x000000b33c300000,0x000000b33c400000)]
  0x000000b3379b9a80 JavaThread "C1 CompilerThread0" daemon [_thread_blocked, id=4908, stack(0x000000b33c400000,0x000000b33c500000)]
  0x000000b33c5a9b00 JavaThread "Notification Thread" daemon [_thread_blocked, id=7804, stack(0x000000b33c900000,0x000000b33ca00000)]
  0x000000b33c5b9ed0 JavaThread "Common-Cleaner" daemon [_thread_blocked, id=4692, stack(0x000000b33cb00000,0x000000b33cc00000)]
  0x000000b33ce82af0 JavaThread "Exec Stream Pumper" daemon [_thread_in_native, id=1944, stack(0x000000b33f4a0000,0x000000b33f5a0000)]
  0x000000b33ce805c0 JavaThread "Exec Stream Pumper" daemon [_thread_in_native, id=6308, stack(0x000000b33f5a0000,0x000000b33f6a0000)]
  0x000000b33ce81060 JavaThread "Exec Input Stream Pumper" daemon [_thread_blocked, id=540, stack(0x000000b33f6a0000,0x000000b33f7a0000)]

Other Threads:
  0x000000b33798e530 VMThread "VM Thread" [stack: 0x000000b337a50000,0x000000b337b50000] [id=6940]
  0x000000b33c5b1230 WatcherThread "VM Periodic Task Thread" [stack: 0x000000b33ca00000,0x000000b33cb00000] [id=628]
  0x000000b31cf55340 WorkerThread "GC Thread#0" [stack: 0x000000b335130000,0x000000b335230000] [id=8060]
  0x000000b33ccb0bd0 WorkerThread "GC Thread#1" [stack: 0x000000b33d400000,0x000000b33d500000] [id=6760]
  0x000000b31cf5e030 ConcurrentGCThread "G1 Main Marker" [stack: 0x000000b335230000,0x000000b335330000] [id=2628]
  0x000000b31cf5ee80 WorkerThread "G1 Conc#0" [stack: 0x000000b335330000,0x000000b335430000] [id=6840]
  0x000000b31cfaa8d0 ConcurrentGCThread "G1 Refine#0" [stack: 0x000000b337650000,0x000000b337750000] [id=5548]
  0x000000b31cfac290 ConcurrentGCThread "G1 Service" [stack: 0x000000b337750000,0x000000b337850000] [id=8520]

Threads with active compile tasks:
C2 CompilerThread0   186221 4120       4       org.fusesource.jansi.io.AnsiOutputStream::write (898 bytes)

VM state: not at safepoint (normal execution)

VM Mutex/Monitor currently owned by a thread: None

Heap address: 0x00000000c1e00000, size: 994 MB, Compressed Oops mode: 32-bit

CDS archive(s) mapped at: [0x0000000800000000-0x0000000800c60000-0x0000000800c60000), size 12976128, SharedBaseAddress: 0x0000000800000000, ArchiveRelocationMode: 0.
Compressed class space mapped at: 0x0000000801000000-0x0000000841000000, reserved size: 1073741824
Narrow klass base: 0x0000000800000000, Narrow klass shift: 0, Narrow klass range: 0x100000000

GC Precious Log:
 CardTable entry size: 512
 Card Set container configuration: InlinePtr #cards 5 size 8 Array Of Cards #cards 12 size 40 Howl #buckets 4 coarsen threshold 1843 Howl Bitmap #cards 512 size 80 coarsen threshold 460 Card regions per heap region 1 cards per card region 2048
 CPUs: 2 total, 2 available
 Memory: 3973M
 Large Page Support: Disabled
 NUMA Support: Disabled
 Compressed Oops: Enabled (32-bit)
 Heap Region Size: 1M
 Heap Min Capacity: 8M
 Heap Initial Capacity: 64M
 Heap Max Capacity: 994M
 Pre-touch: Disabled
 Parallel Workers: 2
 Concurrent Workers: 1
 Concurrent Refinement Workers: 2
 Periodic GC: Disabled

Heap:
 garbage-first heap   total 65536K, used 44892K [0x00000000c1e00000, 0x0000000100000000)
  region size 1024K, 35 young (35840K), 3 survivors (3072K)
 Metaspace       used 15480K, committed 15872K, reserved 1114112K
  class space    used 1679K, committed 1856K, reserved 1048576K

Heap Regions: E=young(eden), S=young(survivor), O=old, HS=humongous(starts), HC=humongous(continues), CS=collection set, F=free, OA=open archive, CA=closed archive, TAMS=top-at-mark-start, PB=parsable bottom
|   0|0x00000000c1e00000, 0x00000000c1f00000, 0x00000000c1f00000|100%| O|  |TAMS 0x00000000c1e00000| PB 0x00000000c1e00000| Untracked 
|   1|0x00000000c1f00000, 0x00000000c2000000, 0x00000000c2000000|100%| O|  |TAMS 0x00000000c1f00000| PB 0x00000000c1f00000| Untracked 
|   2|0x00000000c2000000, 0x00000000c2100000, 0x00000000c2100000|100%| O|  |TAMS 0x00000000c2000000| PB 0x00000000c2000000| Untracked 
|   3|0x00000000c2100000, 0x00000000c2200000, 0x00000000c2200000|100%| O|  |TAMS 0x00000000c2100000| PB 0x00000000c2100000| Untracked 
|   4|0x00000000c2200000, 0x00000000c2300000, 0x00000000c2300000|100%| O|  |TAMS 0x00000000c2200000| PB 0x00000000c2200000| Untracked 
|   5|0x00000000c2300000, 0x00000000c2400000, 0x00000000c2400000|100%| O|  |TAMS 0x00000000c2300000| PB 0x00000000c2300000| Untracked 
|   6|0x00000000c2400000, 0x00000000c2500000, 0x00000000c2500000|100%| O|  |TAMS 0x00000000c2400000| PB 0x00000000c2400000| Untracked 
|   7|0x00000000c2500000, 0x00000000c2600000, 0x00000000c2600000|100%| O|  |TAMS 0x00000000c2500000| PB 0x00000000c2500000| Untracked 
|   8|0x00000000c2600000, 0x00000000c2700000, 0x00000000c2700000|100%| O|  |TAMS 0x00000000c2600000| PB 0x00000000c2600000| Untracked 
|   9|0x00000000c2700000, 0x00000000c2800000, 0x00000000c2800000|100%| O|  |TAMS 0x00000000c2700000| PB 0x00000000c2700000| Untracked 
|  10|0x00000000c2800000, 0x00000000c2864800, 0x00000000c2900000| 39%| O|  |TAMS 0x00000000c2800000| PB 0x00000000c2800000| Untracked 
|  11|0x00000000c2900000, 0x00000000c2900000, 0x00000000c2a00000|  0%| F|  |TAMS 0x00000000c2900000| PB 0x00000000c2900000| Untracked 
|  12|0x00000000c2a00000, 0x00000000c2a00000, 0x00000000c2b00000|  0%| F|  |TAMS 0x00000000c2a00000| PB 0x00000000c2a00000| Untracked 
|  13|0x00000000c2b00000, 0x00000000c2b00000, 0x00000000c2c00000|  0%| F|  |TAMS 0x00000000c2b00000| PB 0x00000000c2b00000| Untracked 
|  14|0x00000000c2c00000, 0x00000000c2c00000, 0x00000000c2d00000|  0%| F|  |TAMS 0x00000000c2c00000| PB 0x00000000c2c00000| Untracked 
|  15|0x00000000c2d00000, 0x00000000c2d00000, 0x00000000c2e00000|  0%| F|  |TAMS 0x00000000c2d00000| PB 0x00000000c2d00000| Untracked 
|  16|0x00000000c2e00000, 0x00000000c2e00000, 0x00000000c2f00000|  0%| F|  |TAMS 0x00000000c2e00000| PB 0x00000000c2e00000| Untracked 
|  17|0x00000000c2f00000, 0x00000000c2f00000, 0x00000000c3000000|  0%| F|  |TAMS 0x00000000c2f00000| PB 0x00000000c2f00000| Untracked 
|  18|0x00000000c3000000, 0x00000000c3000000, 0x00000000c3100000|  0%| F|  |TAMS 0x00000000c3000000| PB 0x00000000c3000000| Untracked 
|  19|0x00000000c3100000, 0x00000000c3100000, 0x00000000c3200000|  0%| F|  |TAMS 0x00000000c3100000| PB 0x00000000c3100000| Untracked 
|  20|0x00000000c3200000, 0x00000000c3200000, 0x00000000c3300000|  0%| F|  |TAMS 0x00000000c3200000| PB 0x00000000c3200000| Untracked 
|  21|0x00000000c3300000, 0x00000000c3300000, 0x00000000c3400000|  0%| F|  |TAMS 0x00000000c3300000| PB 0x00000000c3300000| Untracked 
|  22|0x00000000c3400000, 0x00000000c3400000, 0x00000000c3500000|  0%| F|  |TAMS 0x00000000c3400000| PB 0x00000000c3400000| Untracked 
|  23|0x00000000c3500000, 0x00000000c3500000, 0x00000000c3600000|  0%| F|  |TAMS 0x00000000c3500000| PB 0x00000000c3500000| Untracked 
|  24|0x00000000c3600000, 0x00000000c3672b50, 0x00000000c3700000| 44%| S|CS|TAMS 0x00000000c3600000| PB 0x00000000c3600000| Complete 
|  25|0x00000000c3700000, 0x00000000c3800000, 0x00000000c3800000|100%| S|CS|TAMS 0x00000000c3700000| PB 0x00000000c3700000| Complete 
|  26|0x00000000c3800000, 0x00000000c3800000, 0x00000000c3900000|  0%| F|  |TAMS 0x00000000c3800000| PB 0x00000000c3800000| Untracked 
|  27|0x00000000c3900000, 0x00000000c3900000, 0x00000000c3a00000|  0%| F|  |TAMS 0x00000000c3900000| PB 0x00000000c3900000| Untracked 
|  28|0x00000000c3a00000, 0x00000000c3a00000, 0x00000000c3b00000|  0%| F|  |TAMS 0x00000000c3a00000| PB 0x00000000c3a00000| Untracked 
|  29|0x00000000c3b00000, 0x00000000c3b00000, 0x00000000c3c00000|  0%| F|  |TAMS 0x00000000c3b00000| PB 0x00000000c3b00000| Untracked 
|  30|0x00000000c3c00000, 0x00000000c3d00000, 0x00000000c3d00000|100%| S|CS|TAMS 0x00000000c3c00000| PB 0x00000000c3c00000| Complete 
|  31|0x00000000c3d00000, 0x00000000c3d00000, 0x00000000c3e00000|  0%| F|  |TAMS 0x00000000c3d00000| PB 0x00000000c3d00000| Untracked 
|  32|0x00000000c3e00000, 0x00000000c3e82e18, 0x00000000c3f00000| 51%| E|  |TAMS 0x00000000c3e00000| PB 0x00000000c3e00000| Complete 
|  33|0x00000000c3f00000, 0x00000000c4000000, 0x00000000c4000000|100%| E|CS|TAMS 0x00000000c3f00000| PB 0x00000000c3f00000| Complete 
|  34|0x00000000c4000000, 0x00000000c4100000, 0x00000000c4100000|100%| E|CS|TAMS 0x00000000c4000000| PB 0x00000000c4000000| Complete 
|  35|0x00000000c4100000, 0x00000000c4200000, 0x00000000c4200000|100%| E|CS|TAMS 0x00000000c4100000| PB 0x00000000c4100000| Complete 
|  36|0x00000000c4200000, 0x00000000c4300000, 0x00000000c4300000|100%| E|CS|TAMS 0x00000000c4200000| PB 0x00000000c4200000| Complete 
|  37|0x00000000c4300000, 0x00000000c4400000, 0x00000000c4400000|100%| E|CS|TAMS 0x00000000c4300000| PB 0x00000000c4300000| Complete 
|  38|0x00000000c4400000, 0x00000000c4500000, 0x00000000c4500000|100%| E|CS|TAMS 0x00000000c4400000| PB 0x00000000c4400000| Complete 
|  39|0x00000000c4500000, 0x00000000c4600000, 0x00000000c4600000|100%| E|CS|TAMS 0x00000000c4500000| PB 0x00000000c4500000| Complete 
|  40|0x00000000c4600000, 0x00000000c4700000, 0x00000000c4700000|100%| E|CS|TAMS 0x00000000c4600000| PB 0x00000000c4600000| Complete 
|  41|0x00000000c4700000, 0x00000000c4800000, 0x00000000c4800000|100%| E|CS|TAMS 0x00000000c4700000| PB 0x00000000c4700000| Complete 
|  42|0x00000000c4800000, 0x00000000c4900000, 0x00000000c4900000|100%| E|CS|TAMS 0x00000000c4800000| PB 0x00000000c4800000| Complete 
|  43|0x00000000c4900000, 0x00000000c4a00000, 0x00000000c4a00000|100%| E|CS|TAMS 0x00000000c4900000| PB 0x00000000c4900000| Complete 
|  44|0x00000000c4a00000, 0x00000000c4b00000, 0x00000000c4b00000|100%| E|CS|TAMS 0x00000000c4a00000| PB 0x00000000c4a00000| Complete 
|  45|0x00000000c4b00000, 0x00000000c4c00000, 0x00000000c4c00000|100%| E|CS|TAMS 0x00000000c4b00000| PB 0x00000000c4b00000| Complete 
|  46|0x00000000c4c00000, 0x00000000c4d00000, 0x00000000c4d00000|100%| E|CS|TAMS 0x00000000c4c00000| PB 0x00000000c4c00000| Complete 
|  47|0x00000000c4d00000, 0x00000000c4e00000, 0x00000000c4e00000|100%| E|CS|TAMS 0x00000000c4d00000| PB 0x00000000c4d00000| Complete 
|  48|0x00000000c4e00000, 0x00000000c4f00000, 0x00000000c4f00000|100%| E|CS|TAMS 0x00000000c4e00000| PB 0x00000000c4e00000| Complete 
|  49|0x00000000c4f00000, 0x00000000c5000000, 0x00000000c5000000|100%| E|CS|TAMS 0x00000000c4f00000| PB 0x00000000c4f00000| Complete 
|  50|0x00000000c5000000, 0x00000000c5100000, 0x00000000c5100000|100%| E|CS|TAMS 0x00000000c5000000| PB 0x00000000c5000000| Complete 
|  51|0x00000000c5100000, 0x00000000c5200000, 0x00000000c5200000|100%| E|CS|TAMS 0x00000000c5100000| PB 0x00000000c5100000| Complete 
|  52|0x00000000c5200000, 0x00000000c5300000, 0x00000000c5300000|100%| E|CS|TAMS 0x00000000c5200000| PB 0x00000000c5200000| Complete 
|  53|0x00000000c5300000, 0x00000000c5400000, 0x00000000c5400000|100%| E|CS|TAMS 0x00000000c5300000| PB 0x00000000c5300000| Complete 
|  54|0x00000000c5400000, 0x00000000c5500000, 0x00000000c5500000|100%| E|CS|TAMS 0x00000000c5400000| PB 0x00000000c5400000| Complete 
|  55|0x00000000c5500000, 0x00000000c5600000, 0x00000000c5600000|100%| E|CS|TAMS 0x00000000c5500000| PB 0x00000000c5500000| Complete 
|  56|0x00000000c5600000, 0x00000000c5700000, 0x00000000c5700000|100%| E|CS|TAMS 0x00000000c5600000| PB 0x00000000c5600000| Complete 
|  57|0x00000000c5700000, 0x00000000c5800000, 0x00000000c5800000|100%| E|CS|TAMS 0x00000000c5700000| PB 0x00000000c5700000| Complete 
|  58|0x00000000c5800000, 0x00000000c5900000, 0x00000000c5900000|100%| E|CS|TAMS 0x00000000c5800000| PB 0x00000000c5800000| Complete 
|  59|0x00000000c5900000, 0x00000000c5a00000, 0x00000000c5a00000|100%| E|CS|TAMS 0x00000000c5900000| PB 0x00000000c5900000| Complete 
|  60|0x00000000c5a00000, 0x00000000c5b00000, 0x00000000c5b00000|100%| E|CS|TAMS 0x00000000c5a00000| PB 0x00000000c5a00000| Complete 
|  61|0x00000000c5b00000, 0x00000000c5c00000, 0x00000000c5c00000|100%| E|CS|TAMS 0x00000000c5b00000| PB 0x00000000c5b00000| Complete 
|  62|0x00000000c5c00000, 0x00000000c5d00000, 0x00000000c5d00000|100%| E|CS|TAMS 0x00000000c5c00000| PB 0x00000000c5c00000| Complete 
|  63|0x00000000c5d00000, 0x00000000c5e00000, 0x00000000c5e00000|100%| E|CS|TAMS 0x00000000c5d00000| PB 0x00000000c5d00000| Complete 

Card table byte_map: [0x000000b31ccb0000,0x000000b31ceb0000] _byte_map_base: 0x000000b31c6a1000

Marking Bits: (CMBitMap*) 0x000000b31cf55970
 Bits: [0x000000b3341a0000, 0x000000b335128000)

Polling page: 0x000000b31af10000

Metaspace:

Usage:
  Non-class:     13.48 MB used.
      Class:      1.64 MB used.
       Both:     15.12 MB used.

Virtual space:
  Non-class space:       64.00 MB reserved,      13.69 MB ( 21%) committed,  1 nodes.
      Class space:        1.00 GB reserved,       1.81 MB ( <1%) committed,  1 nodes.
             Both:        1.06 GB reserved,      15.50 MB (  1%) committed. 

Chunk freelists:
   Non-Class:  1.98 MB
       Class:  2.01 MB
        Both:  3.99 MB

MaxMetaspaceSize: unlimited
CompressedClassSpaceSize: 1.00 GB
Initial GC threshold: 21.00 MB
Current GC threshold: 21.00 MB
CDS: on
MetaspaceReclaimPolicy: balanced
 - commit_granule_bytes: 65536.
 - commit_granule_words: 8192.
 - virtual_space_node_default_size: 8388608.
 - enlarge_chunks_in_place: 1.
 - new_chunks_are_fully_committed: 0.
 - uncommit_free_chunks: 1.
 - use_allocation_guard: 0.


Internal statistics:

num_allocs_failed_limit: 0.
num_arena_births: 274.
num_arena_deaths: 0.
num_vsnodes_births: 2.
num_vsnodes_deaths: 0.
num_space_committed: 248.
num_space_uncommitted: 0.
num_chunks_returned_to_freelist: 0.
num_chunks_taken_from_freelist: 770.
num_chunk_merges: 0.
num_chunk_splits: 562.
num_chunks_enlarged: 450.
num_inconsistent_stats: 0.

CodeHeap 'non-profiled nmethods': size=120064Kb used=2043Kb max_used=2043Kb free=118021Kb
 bounds [0x000000b32ca60000, 0x000000b32ccd0000, 0x000000b333fa0000]
CodeHeap 'profiled nmethods': size=120000Kb used=8796Kb max_used=8796Kb free=111204Kb
 bounds [0x000000b324fa0000, 0x000000b325840000, 0x000000b32c4d0000]
CodeHeap 'non-nmethods': size=5696Kb used=1453Kb max_used=1499Kb free=4243Kb
 bounds [0x000000b32c4d0000, 0x000000b32c740000, 0x000000b32ca60000]
 total_blobs=4599 nmethods=4115 adapters=395
 compilation: enabled
              stopped_count=0, restarted_count=0
 full_count=0

Compilation events (20 events):
Event: 58.360 Thread 0x000000b3379b9a80 nmethod 4108 0x000000b32cc5df10 code [0x000000b32cc5e0a0, 0x000000b32cc5e1b8]
Event: 58.360 Thread 0x000000b3379b9a80 4110       1       java.lang.Class::getClassData (5 bytes)
Event: 58.360 Thread 0x000000b3379b9a80 nmethod 4110 0x000000b32cc5e210 code [0x000000b32cc5e380, 0x000000b32cc5e448]
Event: 58.393 Thread 0x000000b3379b9a80 4111   !   3       org.codehaus.plexus.classworlds.realm.ClassRealm::loadClassFromSelf (40 bytes)
Event: 58.394 Thread 0x000000b3379b9a80 nmethod 4111 0x000000b325833190 code [0x000000b325833380, 0x000000b3258338d0]
Event: 58.394 Thread 0x000000b3379b9a80 4112       3       org.codehaus.plexus.classworlds.realm.ClassRealm::getClassRealmLoadingLock (14 bytes)
Event: 58.395 Thread 0x000000b3379b9a80 nmethod 4112 0x000000b325833b10 code [0x000000b325833ca0, 0x000000b325833e68]
Event: 59.243 Thread 0x000000b3379b9a80 4113   !   3       java.io.FileInputStream::available (24 bytes)
Event: 59.244 Thread 0x000000b3379b9a80 nmethod 4113 0x000000b325833f10 code [0x000000b3258340c0, 0x000000b3258342b0]
Event: 73.237 Thread 0x000000b3379b9a80 4114       1       jdk.internal.event.ThreadSleepEvent::isEnabled (2 bytes)
Event: 73.237 Thread 0x000000b3379b9a80 nmethod 4114 0x000000b32cc5e510 code [0x000000b32cc5e680, 0x000000b32cc5e748]
Event: 83.259 Thread 0x000000b3379b9a80 4115       3       java.io.OutputStream::flush (1 bytes)
Event: 83.259 Thread 0x000000b3379b9a80 nmethod 4115 0x000000b325834410 code [0x000000b3258345a0, 0x000000b3258346b0]
Event: 87.816 Thread 0x000000b3379b9a80 4116   !   3       java.io.BufferedOutputStream::flush (60 bytes)
Event: 87.819 Thread 0x000000b3379b9a80 nmethod 4116 0x000000b325834710 code [0x000000b3258349c0, 0x000000b325835ae8]
Event: 87.819 Thread 0x000000b3379b9a80 4117   !   3       java.lang.Thread::sleep (103 bytes)
Event: 87.820 Thread 0x000000b3379b9a80 nmethod 4117 0x000000b325836110 code [0x000000b325836300, 0x000000b325836958]
Event: 144.623 Thread 0x000000b3379b9a80 4119   !   3       java.io.FileInputStream::read (32 bytes)
Event: 144.623 Thread 0x000000b3379b9a80 nmethod 4119 0x000000b325836b10 code [0x000000b325836cc0, 0x000000b325836ed0]
Event: 183.706 Thread 0x000000b3379adc30 4120       4       org.fusesource.jansi.io.AnsiOutputStream::write (898 bytes)

GC Heap History (12 events):
Event: 15.042 GC heap before
{Heap before GC invocations=0 (full 0):
 garbage-first heap   total 65536K, used 5120K [0x00000000c1e00000, 0x0000000100000000)
  region size 1024K, 6 young (6144K), 0 survivors (0K)
 Metaspace       used 2187K, committed 2368K, reserved 1114112K
  class space    used 205K, committed 256K, reserved 1048576K
}
Event: 15.056 GC heap after
{Heap after GC invocations=1 (full 0):
 garbage-first heap   total 65536K, used 1989K [0x00000000c1e00000, 0x0000000100000000)
  region size 1024K, 1 young (1024K), 1 survivors (1024K)
 Metaspace       used 2187K, committed 2368K, reserved 1114112K
  class space    used 205K, committed 256K, reserved 1048576K
}
Event: 17.722 GC heap before
{Heap before GC invocations=1 (full 0):
 garbage-first heap   total 65536K, used 7109K [0x00000000c1e00000, 0x0000000100000000)
  region size 1024K, 6 young (6144K), 1 survivors (1024K)
 Metaspace       used 3459K, committed 3648K, reserved 1114112K
  class space    used 339K, committed 448K, reserved 1048576K
}
Event: 17.731 GC heap after
{Heap after GC invocations=2 (full 0):
 garbage-first heap   total 65536K, used 3198K [0x00000000c1e00000, 0x0000000100000000)
  region size 1024K, 1 young (1024K), 1 survivors (1024K)
 Metaspace       used 3459K, committed 3648K, reserved 1114112K
  class space    used 339K, committed 448K, reserved 1048576K
}
Event: 21.390 GC heap before
{Heap before GC invocations=2 (full 0):
 garbage-first heap   total 65536K, used 11390K [0x00000000c1e00000, 0x0000000100000000)
  region size 1024K, 10 young (10240K), 1 survivors (1024K)
 Metaspace       used 5339K, committed 5440K, reserved 1114112K
  class space    used 603K, committed 640K, reserved 1048576K
}
Event: 21.397 GC heap after
{Heap after GC invocations=3 (full 0):
 garbage-first heap   total 65536K, used 3748K [0x00000000c1e00000, 0x0000000100000000)
  region size 1024K, 2 young (2048K), 2 survivors (2048K)
 Metaspace       used 5339K, committed 5440K, reserved 1114112K
  class space    used 603K, committed 640K, reserved 1048576K
}
Event: 30.279 GC heap before
{Heap before GC invocations=3 (full 0):
 garbage-first heap   total 65536K, used 39588K [0x00000000c1e00000, 0x0000000100000000)
  region size 1024K, 38 young (38912K), 2 survivors (2048K)
 Metaspace       used 10860K, committed 11200K, reserved 1114112K
  class space    used 1289K, committed 1472K, reserved 1048576K
}
Event: 30.298 GC heap after
{Heap after GC invocations=4 (full 0):
 garbage-first heap   total 65536K, used 6051K [0x00000000c1e00000, 0x0000000100000000)
  region size 1024K, 4 young (4096K), 4 survivors (4096K)
 Metaspace       used 10860K, committed 11200K, reserved 1114112K
  class space    used 1289K, committed 1472K, reserved 1048576K
}
Event: 38.732 GC heap before
{Heap before GC invocations=4 (full 0):
 garbage-first heap   total 65536K, used 40867K [0x00000000c1e00000, 0x0000000100000000)
  region size 1024K, 38 young (38912K), 4 survivors (4096K)
 Metaspace       used 13718K, committed 14016K, reserved 1114112K
  class space    used 1544K, committed 1664K, reserved 1048576K
}
Event: 38.770 GC heap after
{Heap after GC invocations=5 (full 0):
 garbage-first heap   total 65536K, used 10121K [0x00000000c1e00000, 0x0000000100000000)
  region size 1024K, 5 young (5120K), 5 survivors (5120K)
 Metaspace       used 13718K, committed 14016K, reserved 1114112K
  class space    used 1544K, committed 1664K, reserved 1048576K
}
Event: 41.426 GC heap before
{Heap before GC invocations=5 (full 0):
 garbage-first heap   total 65536K, used 43913K [0x00000000c1e00000, 0x0000000100000000)
  region size 1024K, 38 young (38912K), 5 survivors (5120K)
 Metaspace       used 14181K, committed 14464K, reserved 1114112K
  class space    used 1546K, committed 1664K, reserved 1048576K
}
Event: 41.458 GC heap after
{Heap after GC invocations=6 (full 0):
 garbage-first heap   total 65536K, used 13148K [0x00000000c1e00000, 0x0000000100000000)
  region size 1024K, 3 young (3072K), 3 survivors (3072K)
 Metaspace       used 14181K, committed 14464K, reserved 1114112K
  class space    used 1546K, committed 1664K, reserved 1048576K
}

Dll operation events (8 events):
Event: 1.073 Loaded shared library C:\Program Files\Java\jdk-20\bin\java.dll
Event: 3.412 Loaded shared library C:\Program Files\Java\jdk-20\bin\jsvml.dll
Event: 6.226 Loaded shared library C:\Program Files\Java\jdk-20\bin\net.dll
Event: 6.391 Loaded shared library C:\Program Files\Java\jdk-20\bin\nio.dll
Event: 6.914 Loaded shared library C:\Program Files\Java\jdk-20\bin\zip.dll
Event: 7.281 Loaded shared library C:\Program Files\Java\jdk-20\bin\jimage.dll
Event: 13.392 Loaded shared library C:\Users\alumno.CI7427EA983C3E\AppData\Local\Temp\jansi-2.4.0-cd01c4faccce4ad6-jansi.dll
Event: 13.565 Loaded shared library C:\Program Files\Java\jdk-20\bin\verify.dll

Deoptimization events (20 events):
Event: 58.009 Thread 0x000000b31cf12d20 DEOPT PACKING pc=0x000000b32cc58e4c sp=0x000000b31af0c320
Event: 58.009 Thread 0x000000b31cf12d20 DEOPT UNPACKING pc=0x000000b32c539d1d sp=0x000000b31af0c2b8 mode 2
Event: 58.009 Thread 0x000000b31cf12d20 Uncommon trap: trap_request=0xffffffd6 fr.pc=0x000000b32cc58c18 relative=0x0000000000000758
Event: 58.009 Thread 0x000000b31cf12d20 Uncommon trap: reason=array_check action=maybe_recompile pc=0x000000b32cc58c18 method=java.util.TimSort.binarySort([Ljava/lang/Object;IIILjava/util/Comparator;)V @ 215 c2
Event: 58.009 Thread 0x000000b31cf12d20 DEOPT PACKING pc=0x000000b32cc58c18 sp=0x000000b31af0c320
Event: 58.009 Thread 0x000000b31cf12d20 DEOPT UNPACKING pc=0x000000b32c539d1d sp=0x000000b31af0c2b8 mode 2
Event: 58.009 Thread 0x000000b31cf12d20 Uncommon trap: trap_request=0xffffffd6 fr.pc=0x000000b32cc58e4c relative=0x000000000000098c
Event: 58.009 Thread 0x000000b31cf12d20 Uncommon trap: reason=array_check action=maybe_recompile pc=0x000000b32cc58e4c method=java.util.TimSort.binarySort([Ljava/lang/Object;IIILjava/util/Comparator;)V @ 183 c2
Event: 58.009 Thread 0x000000b31cf12d20 DEOPT PACKING pc=0x000000b32cc58e4c sp=0x000000b31af0c320
Event: 58.009 Thread 0x000000b31cf12d20 DEOPT UNPACKING pc=0x000000b32c539d1d sp=0x000000b31af0c2b8 mode 2
Event: 58.078 Thread 0x000000b31cf12d20 DEOPT PACKING pc=0x000000b32511a7a4 sp=0x000000b31af08d60
Event: 58.078 Thread 0x000000b31cf12d20 DEOPT UNPACKING pc=0x000000b32c53a4a4 sp=0x000000b31af08198 mode 0
Event: 58.078 Thread 0x000000b31cf12d20 DEOPT PACKING pc=0x000000b32511a3bc sp=0x000000b31af08dd0
Event: 58.078 Thread 0x000000b31cf12d20 DEOPT UNPACKING pc=0x000000b32c53a4a4 sp=0x000000b31af08268 mode 0
Event: 58.121 Thread 0x000000b31cf12d20 DEOPT PACKING pc=0x000000b325431794 sp=0x000000b31af0e0f0
Event: 58.121 Thread 0x000000b31cf12d20 DEOPT UNPACKING pc=0x000000b32c53a4a4 sp=0x000000b31af0d548 mode 0
Event: 58.204 Thread 0x000000b31cf12d20 Uncommon trap: trap_request=0xffffffde fr.pc=0x000000b32cc33d04 relative=0x00000000000000e4
Event: 58.204 Thread 0x000000b31cf12d20 Uncommon trap: reason=class_check action=maybe_recompile pc=0x000000b32cc33d04 method=org.eclipse.sisu.wire.EntryListAdapter$ValueIterator.next()Ljava/lang/Object; @ 4 c2
Event: 58.204 Thread 0x000000b31cf12d20 DEOPT PACKING pc=0x000000b32cc33d04 sp=0x000000b31af0e4b0
Event: 58.204 Thread 0x000000b31cf12d20 DEOPT UNPACKING pc=0x000000b32c539d1d sp=0x000000b31af0e470 mode 2

Classes loaded (20 events):
Event: 58.361 Loading class java/util/concurrent/Executors
Event: 58.361 Loading class java/util/concurrent/Executors done
Event: 58.361 Loading class java/util/concurrent/SynchronousQueue
Event: 58.375 Loading class java/util/concurrent/SynchronousQueue done
Event: 58.376 Loading class java/util/concurrent/SynchronousQueue$TransferStack
Event: 58.386 Loading class java/util/concurrent/SynchronousQueue$Transferer
Event: 58.386 Loading class java/util/concurrent/SynchronousQueue$Transferer done
Event: 58.386 Loading class java/util/concurrent/SynchronousQueue$TransferStack done
Event: 58.386 Loading class java/util/concurrent/SynchronousQueue$TransferStack$SNode
Event: 58.387 Loading class java/util/concurrent/SynchronousQueue$TransferStack$SNode done
Event: 58.387 Loading class java/lang/ProcessImpl$2
Event: 58.387 Loading class java/lang/ProcessImpl$2 done
Event: 58.388 Loading class java/lang/Process$PipeInputStream
Event: 58.388 Loading class java/lang/Process$PipeInputStream done
Event: 58.389 Loading class jdk/internal/event/ProcessStartEvent
Event: 58.389 Loading class jdk/internal/event/ProcessStartEvent done
Event: 58.391 Loading class java/io/PipedOutputStream
Event: 58.393 Loading class java/io/PipedOutputStream done
Event: 58.440 Loading class jdk/internal/event/ThreadSleepEvent
Event: 58.441 Loading class jdk/internal/event/ThreadSleepEvent done

Classes unloaded (0 events):
No events

Classes redefined (0 events):
No events

Internal exceptions (20 events):
Event: 34.639 Thread 0x000000b31cf12d20 Exception <a 'java/lang/NoSuchMethodError'{0x00000000c545cff8}: 'java.lang.Object java.lang.invoke.DirectMethodHandle$Holder.invokeStatic(java.lang.Object, java.lang.Object, java.lang.Object, java.lang.Object, int)'> (0x00000000c545cff8) 
thrown [s\open\src\hotspot\share\interpreter\linkResolver.cpp, line 773]
Event: 34.719 Thread 0x000000b31cf12d20 Exception <a 'java/lang/NoSuchMethodError'{0x00000000c5468008}: 'void java.lang.invoke.DelegatingMethodHandle$Holder.reinvoke_L(java.lang.Object, java.lang.Object, int)'> (0x00000000c5468008) 
thrown [s\open\src\hotspot\share\interpreter\linkResolver.cpp, line 773]
Event: 37.565 Thread 0x000000b31cf12d20 Implicit null exception at 0x000000b32cb51705 to 0x000000b32cb52804
Event: 37.565 Thread 0x000000b31cf12d20 Implicit null exception at 0x000000b32cae8179 to 0x000000b32cae8330
Event: 37.566 Thread 0x000000b31cf12d20 Implicit null exception at 0x000000b32cb2cda9 to 0x000000b32cb2d530
Event: 41.639 Thread 0x000000b31cf12d20 Implicit null exception at 0x000000b32cae6c79 to 0x000000b32cae6e20
Event: 41.639 Thread 0x000000b31cf12d20 Implicit null exception at 0x000000b32cae5c1d to 0x000000b32cae5c99
Event: 57.809 Thread 0x000000b31cf12d20 Exception <a 'java/lang/NoClassDefFoundError'{0x00000000c43a8eb8}: org/sonatype/aether/artifact/ArtifactType> (0x00000000c43a8eb8) 
thrown [s\open\src\hotspot\share\classfile\systemDictionary.cpp, line 294]
Event: 57.818 Thread 0x000000b31cf12d20 Exception <a 'java/lang/NoClassDefFoundError'{0x00000000c43db6d8}: org/sonatype/aether/artifact/Artifact> (0x00000000c43db6d8) 
thrown [s\open\src\hotspot\share\classfile\systemDictionary.cpp, line 294]
Event: 57.827 Thread 0x000000b31cf12d20 Exception <a 'java/lang/NoClassDefFoundError'{0x00000000c4209670}: org/sonatype/aether/resolution/ArtifactDescriptorException> (0x00000000c4209670) 
thrown [s\open\src\hotspot\share\classfile\systemDictionary.cpp, line 294]
Event: 57.840 Thread 0x000000b31cf12d20 Exception <a 'java/lang/NoClassDefFoundError'{0x00000000c424ead8}: org/sonatype/aether/artifact/Artifact> (0x00000000c424ead8) 
thrown [s\open\src\hotspot\share\classfile\systemDictionary.cpp, line 294]
Event: 57.868 Thread 0x000000b31cf12d20 Exception <a 'java/lang/NoClassDefFoundError'{0x00000000c4277258}: org/sonatype/aether/installation/InstallationException> (0x00000000c4277258) 
thrown [s\open\src\hotspot\share\classfile\systemDictionary.cpp, line 294]
Event: 57.918 Thread 0x000000b31cf12d20 Exception <a 'java/lang/NoClassDefFoundError'{0x00000000c42b19a8}: org/sonatype/aether/artifact/Artifact> (0x00000000c42b19a8) 
thrown [s\open\src\hotspot\share\classfile\systemDictionary.cpp, line 294]
Event: 57.934 Thread 0x000000b31cf12d20 Exception <a 'java/lang/NoClassDefFoundError'{0x00000000c41025f0}: org/sonatype/aether/deployment/DeploymentException> (0x00000000c41025f0) 
thrown [s\open\src\hotspot\share\classfile\systemDictionary.cpp, line 294]
Event: 57.993 Thread 0x000000b31cf12d20 Implicit null exception at 0x000000b32cc13619 to 0x000000b32cc14060
Event: 58.121 Thread 0x000000b31cf12d20 Exception <a 'java/lang/NoSuchMethodError'{0x00000000c4066d58}: 'void java.lang.invoke.Invokers$Holder.invokeExact_MT(java.lang.Object, java.lang.Object, int, java.lang.Object)'> (0x00000000c4066d58) 
thrown [s\open\src\hotspot\share\interpreter\linkResolver.cpp, line 773]
Event: 58.351 Thread 0x000000b31cf12d20 Exception <a 'java/lang/NoSuchMethodError'{0x00000000c3f962c8}: 'void java.lang.invoke.DirectMethodHandle$Holder.invokeStatic(java.lang.Object, long)'> (0x00000000c3f962c8) 
thrown [s\open\src\hotspot\share\interpreter\linkResolver.cpp, line 773]
Event: 58.353 Thread 0x000000b31cf12d20 Exception <a 'java/lang/NoSuchMethodError'{0x00000000c3f9b8a8}: 'java.lang.Object java.lang.invoke.DirectMethodHandle$Holder.newInvokeSpecial(java.lang.Object, long)'> (0x00000000c3f9b8a8) 
thrown [s\open\src\hotspot\share\interpreter\linkResolver.cpp, line 773]
Event: 58.358 Thread 0x000000b31cf12d20 Exception <a 'java/lang/NoSuchMethodError'{0x00000000c3fa2eb0}: 'java.lang.Object java.lang.invoke.DirectMethodHandle$Holder.invokeStatic(java.lang.Object, long, java.lang.Object)'> (0x00000000c3fa2eb0) 
thrown [s\open\src\hotspot\share\interpreter\linkResolver.cpp, line 773]
Event: 58.359 Thread 0x000000b31cf12d20 Exception <a 'java/lang/NoSuchMethodError'{0x00000000c3fa6638}: 'java.lang.Object java.lang.invoke.DirectMethodHandle$Holder.invokeStaticInit(java.lang.Object, long, java.lang.Object)'> (0x00000000c3fa6638) 
thrown [s\open\src\hotspot\share\interpreter\linkResolver.cpp, line 773]

VM Operations (20 events):
Event: 51.490 Executing VM operation: Cleanup
Event: 51.496 Executing VM operation: Cleanup done
Event: 53.514 Executing VM operation: Cleanup
Event: 53.522 Executing VM operation: Cleanup done
Event: 54.523 Executing VM operation: Cleanup
Event: 54.523 Executing VM operation: Cleanup done
Event: 55.524 Executing VM operation: Cleanup
Event: 55.524 Executing VM operation: Cleanup done
Event: 56.524 Executing VM operation: Cleanup
Event: 56.524 Executing VM operation: Cleanup done
Event: 57.525 Executing VM operation: Cleanup
Event: 57.541 Executing VM operation: Cleanup done
Event: 58.077 Executing VM operation: HandshakeAllThreads
Event: 58.077 Executing VM operation: HandshakeAllThreads done
Event: 58.119 Executing VM operation: HandshakeAllThreads
Event: 58.119 Executing VM operation: HandshakeAllThreads done
Event: 58.389 Executing VM operation: HandshakeAllThreads
Event: 58.389 Executing VM operation: HandshakeAllThreads done
Event: 59.389 Executing VM operation: Cleanup
Event: 59.389 Executing VM operation: Cleanup done

Events (14 events):
Event: 3.479 Thread 0x000000b31cf12d20 Thread added: 0x000000b31cf12d20
Event: 4.393 Thread 0x000000b3379a2270 Thread added: 0x000000b3379a2270
Event: 4.393 Thread 0x000000b3379a3c30 Thread added: 0x000000b3379a3c30
Event: 4.441 Thread 0x000000b3379a6070 Thread added: 0x000000b3379a6070
Event: 4.442 Thread 0x000000b3379a7d20 Thread added: 0x000000b3379a7d20
Event: 4.443 Thread 0x000000b3379ac680 Thread added: 0x000000b3379ac680
Event: 4.443 Thread 0x000000b3379acfc0 Thread added: 0x000000b3379acfc0
Event: 4.444 Thread 0x000000b3379adc30 Thread added: 0x000000b3379adc30
Event: 4.454 Thread 0x000000b3379b9a80 Thread added: 0x000000b3379b9a80
Event: 5.378 Thread 0x000000b33c5a9b00 Thread added: 0x000000b33c5a9b00
Event: 5.848 Thread 0x000000b33c5b9ed0 Thread added: 0x000000b33c5b9ed0
Event: 58.395 Thread 0x000000b33ce82af0 Thread added: 0x000000b33ce82af0
Event: 58.395 Thread 0x000000b33ce805c0 Thread added: 0x000000b33ce805c0
Event: 58.395 Thread 0x000000b33ce81060 Thread added: 0x000000b33ce81060


Dynamic libraries:
0x00007ff7ebe20000 - 0x00007ff7ebe30000 	C:\Program Files\Java\jdk-20\bin\java.exe
0x00007ffe888d0000 - 0x00007ffe88a7d000 	C:\Windows\SYSTEM32\ntdll.dll
0x00007ffe86260000 - 0x00007ffe8639f000 	C:\Windows\system32\KERNEL32.DLL
0x00007ffe85b80000 - 0x00007ffe85c94000 	C:\Windows\system32\KERNELBASE.dll
0x00007ffe780a0000 - 0x00007ffe780b9000 	C:\Program Files\Java\jdk-20\bin\jli.dll
0x00007ffe836f0000 - 0x00007ffe8370b000 	C:\Program Files\Java\jdk-20\bin\VCRUNTIME140.dll
0x00007ffe83c10000 - 0x00007ffe83c14000 	C:\Program Files\Java\jdk-20\bin\api-ms-win-crt-stdio-l1-1-0.dll
0x00007ffe831b0000 - 0x00007ffe831b4000 	C:\Program Files\Java\jdk-20\bin\api-ms-win-crt-runtime-l1-1-0.dll
0x00007ffe82d10000 - 0x00007ffe82d13000 	C:\Program Files\Java\jdk-20\bin\api-ms-win-crt-environment-l1-1-0.dll
0x00007ffe83660000 - 0x00007ffe83665000 	C:\Program Files\Java\jdk-20\bin\api-ms-win-crt-math-l1-1-0.dll
0x00007ffe82590000 - 0x00007ffe82593000 	C:\Program Files\Java\jdk-20\bin\api-ms-win-crt-locale-l1-1-0.dll
0x00007ffe82920000 - 0x00007ffe82923000 	C:\Program Files\Java\jdk-20\bin\api-ms-win-crt-heap-l1-1-0.dll
0x00007ffe86830000 - 0x00007ffe868dd000 	C:\Windows\system32\ADVAPI32.dll
0x00007ffe82f10000 - 0x00007ffe8318b000 	C:\Windows\WinSxS\amd64_microsoft.windows.common-controls_6595b64144ccf1df_6.0.9600.19394_none_62486577ecb635cf\COMCTL32.dll
0x00007ffe883e0000 - 0x00007ffe88557000 	C:\Windows\system32\USER32.dll
0x00007ffe7e420000 - 0x00007ffe7e42a000 	C:\Windows\SYSTEM32\VERSION.dll
0x00007ffe82d00000 - 0x00007ffe82d03000 	C:\Program Files\Java\jdk-20\bin\api-ms-win-crt-filesystem-l1-1-0.dll
0x00007ffe836e0000 - 0x00007ffe836e4000 	C:\Program Files\Java\jdk-20\bin\api-ms-win-crt-string-l1-1-0.dll
0x00007ffe82d20000 - 0x00007ffe82d24000 	C:\Program Files\Java\jdk-20\bin\api-ms-win-crt-convert-l1-1-0.dll
0x00007ffe85f50000 - 0x00007ffe85ffa000 	C:\Windows\system32\msvcrt.dll
0x00007ffe867c0000 - 0x00007ffe8681b000 	C:\Windows\SYSTEM32\sechost.dll
0x00007ffe880a0000 - 0x00007ffe881d5000 	C:\Windows\system32\RPCRT4.dll
0x00007ffe88780000 - 0x00007ffe888cf000 	C:\Windows\system32\GDI32.dll
0x00007ffe80b90000 - 0x00007ffe80c90000 	C:\Program Files\Java\jdk-20\bin\ucrtbase.DLL
0x00007ffe85b50000 - 0x00007ffe85b7e000 	C:\Windows\system32\SspiCli.dll
0x00007ffe863a0000 - 0x00007ffe863d6000 	C:\Windows\system32\IMM32.DLL
0x00007ffe88620000 - 0x00007ffe88771000 	C:\Windows\system32\MSCTF.dll
0x00007ffe84340000 - 0x00007ffe8434c000 	C:\Program Files\Java\jdk-20\bin\vcruntime140_1.dll
0x00007ffe80b00000 - 0x00007ffe80b8e000 	C:\Program Files\Java\jdk-20\bin\msvcp140.dll
0x00007ffe82930000 - 0x00007ffe82933000 	C:\Program Files\Java\jdk-20\bin\api-ms-win-crt-time-l1-1-0.dll
0x00007ffe831c0000 - 0x00007ffe831c3000 	C:\Program Files\Java\jdk-20\bin\api-ms-win-crt-utility-l1-1-0.dll
0x00007ffe5df50000 - 0x00007ffe5ebe7000 	C:\Program Files\Java\jdk-20\bin\server\jvm.dll
0x00007ffe846d0000 - 0x00007ffe846d9000 	C:\Windows\SYSTEM32\WSOCK32.dll
0x00007ffe83d00000 - 0x00007ffe83d22000 	C:\Windows\SYSTEM32\WINMM.dll
0x00007ffe863e0000 - 0x00007ffe8643a000 	C:\Windows\system32\WS2_32.dll
0x00007ffe83cd0000 - 0x00007ffe83cfa000 	C:\Windows\SYSTEM32\WINMMBASE.dll
0x00007ffe86750000 - 0x00007ffe86759000 	C:\Windows\system32\NSI.dll
0x00007ffe85ca0000 - 0x00007ffe85cef000 	C:\Windows\SYSTEM32\cfgmgr32.dll
0x00007ffe847c0000 - 0x00007ffe847e8000 	C:\Windows\SYSTEM32\DEVOBJ.dll
0x00007ffe828a0000 - 0x00007ffe828aa000 	C:\Program Files\Java\jdk-20\bin\jimage.dll
0x00007ffe7cd60000 - 0x00007ffe7ceea000 	C:\Windows\SYSTEM32\DBGHELP.DLL
0x00007ffe828b0000 - 0x00007ffe828d6000 	C:\Program Files\Java\jdk-20\bin\java.dll
0x00007ffe7a840000 - 0x00007ffe7a917000 	C:\Program Files\Java\jdk-20\bin\jsvml.dll
0x00007ffe868e0000 - 0x00007ffe87e0f000 	C:\Windows\system32\SHELL32.dll
0x00007ffe86460000 - 0x00007ffe86672000 	C:\Windows\SYSTEM32\combase.dll
0x00007ffe87e10000 - 0x00007ffe87e64000 	C:\Windows\system32\SHLWAPI.dll
0x00007ffe83d60000 - 0x00007ffe83e12000 	C:\Windows\SYSTEM32\SHCORE.dll
0x00007ffe85930000 - 0x00007ffe85945000 	C:\Windows\SYSTEM32\profapi.dll
0x00007ffe82880000 - 0x00007ffe82893000 	C:\Program Files\Java\jdk-20\bin\net.dll
0x00007ffe7d480000 - 0x00007ffe7d549000 	C:\Windows\SYSTEM32\WINHTTP.dll
0x00007ffe851b0000 - 0x00007ffe85209000 	C:\Windows\system32\mswsock.dll
0x00007ffe82860000 - 0x00007ffe82876000 	C:\Program Files\Java\jdk-20\bin\nio.dll
0x00007ffe825b0000 - 0x00007ffe825c8000 	C:\Program Files\Java\jdk-20\bin\zip.dll
0x0000000069ac0000 - 0x0000000069ae4000 	C:\Users\alumno.CI7427EA983C3E\AppData\Local\Temp\jansi-2.4.0-cd01c4faccce4ad6-jansi.dll
0x00007ffe82850000 - 0x00007ffe82860000 	C:\Program Files\Java\jdk-20\bin\verify.dll

dbghelp: loaded successfully - version: 4.0.5 - missing functions: none
symbol engine: initialized successfully - sym options: 0x614 - pdb path: .;C:\Program Files\Java\jdk-20\bin;C:\Windows\SYSTEM32;C:\Windows\WinSxS\amd64_microsoft.windows.common-controls_6595b64144ccf1df_6.0.9600.19394_none_62486577ecb635cf;C:\Program Files\Java\jdk-20\bin\server;C:\Users\alumno.CI7427EA983C3E\AppData\Local\Temp

VM Arguments:
jvm_args: -Dmaven.multiModuleProjectDirectory=C:\Users\alumno.CI7427EA983C3E\Desktop\Backend-ap 
java_command: org.apache.maven.wrapper.MavenWrapperMain -Dexec.vmArgs= -Dexec.args=${exec.vmArgs} -classpath %classpath ${exec.mainClass} ${exec.appArgs} -Dexec.executable=C:\Program Files\Java\jdk-20\bin\java.exe -Dexec.mainClass=com.portafolio.Backendap.BackendApApplication -Dexec.classpathScope=runtime -Dexec.appArgs= -Dmaven.ext.class.path=C:\Program Files\NetBeans-16\netbeans\java\maven-nblib\netbeans-eventspy.jar org.codehaus.mojo:exec-maven-plugin:3.0.0:exec
java_class_path (initial): C:\Users\alumno.CI7427EA983C3E\Desktop\Backend-ap\.mvn\wrapper\maven-wrapper.jar
Launcher Type: SUN_STANDARD

[Global flags]
     intx CICompilerCount                          = 2                                         {product} {ergonomic}
     uint ConcGCThreads                            = 1                                         {product} {ergonomic}
     uint G1ConcRefinementThreads                  = 2                                         {product} {ergonomic}
   size_t G1HeapRegionSize                         = 1048576                                   {product} {ergonomic}
    uintx GCDrainStackTargetSize                   = 64                                        {product} {ergonomic}
   size_t InitialHeapSize                          = 67108864                                  {product} {ergonomic}
   size_t MarkStackSize                            = 4194304                                   {product} {ergonomic}
   size_t MaxHeapSize                              = 1042284544                                {product} {ergonomic}
   size_t MaxNewSize                               = 624951296                                 {product} {ergonomic}
   size_t MinHeapDeltaBytes                        = 1048576                                   {product} {ergonomic}
   size_t MinHeapSize                              = 8388608                                   {product} {ergonomic}
    uintx NonNMethodCodeHeapSize                   = 5826188                                {pd product} {ergonomic}
    uintx NonProfiledCodeHeapSize                  = 122916026                              {pd product} {ergonomic}
    uintx ProfiledCodeHeapSize                     = 122916026                              {pd product} {ergonomic}
    uintx ReservedCodeCacheSize                    = 251658240                              {pd product} {ergonomic}
     bool SegmentedCodeCache                       = true                                      {product} {ergonomic}
   size_t SoftMaxHeapSize                          = 1042284544                             {manageable} {ergonomic}
     bool UseCompressedClassPointers               = true                           {product lp64_product} {ergonomic}
     bool UseCompressedOops                        = true                           {product lp64_product} {ergonomic}
     bool UseG1GC                                  = true                                      {product} {ergonomic}
     bool UseLargePagesIndividualAllocation        = false                                  {pd product} {ergonomic}

Logging:
Log output configuration:
 #0: stdout all=warning uptime,level,tags foldmultilines=false
 #1: stderr all=off uptime,level,tags foldmultilines=false

Environment Variables:
JAVA_HOME=C:\Program Files\Java\jdk-20
PATH=C:\Program Files\Common Files\Oracle\Java\javapath;C:\Program Files (x86)\Intel\TXE Components\TCS\;C:\Program Files\Intel\TXE Components\TCS\;C:\Windows\system32;C:\Windows;C:\Windows\System32\Wbem;C:\Windows\System32\WindowsPowerShell\v1.0\;C:\Program Files (x86)\Common Files\Intel Education\Application Support;C:\Program Files (x86)\Security Innovation\TSS\bin\;C:\Program Files (x86)\Windows Live\Shared;C:\Program Files\nodejs\;C:\Program Files\Git\cmd;C:\Program Files\MySQL\MySQL Shell 8.0\bin\;C:\Users\alumno.CI7427EA983C3E\AppData\Local\Programs\Microsoft VS Code\bin;C:\Users\alumno.CI7427EA983C3E\AppData\Roaming\npm
USERNAME=alumno
OS=Windows_NT
PROCESSOR_IDENTIFIER=Intel64 Family 6 Model 55 Stepping 8, GenuineIntel
TMP=C:\Users\ALUMNO~1.CI7\AppData\Local\Temp
TEMP=C:\Users\ALUMNO~1.CI7\AppData\Local\Temp




---------------  S Y S T E M  ---------------

OS:
 Windows 8.1 , 64 bit Build 9600 (6.3.9600.20778)
OS uptime: 9 days 2:52 hours

CPU: total 2 (initial active 2) (2 cores per cpu, 1 threads per core) family 6 model 55 stepping 8 microcode 0x808, cx8, cmov, fxsr, mmx, 3dnowpref, sse, sse2, sse3, ssse3, sse4.1, sse4.2, popcnt, tsc, tscinvbit, erms, clmul, clflush, rdtscp

Memory: 4k page, system-wide physical 3973M (139M free)
TotalPageFile size 7045M (AvailPageFile size 4M)
current process WorkingSet (physical memory assigned to process): 120M, peak: 135M
current process commit charge ("private bytes"): 163M, peak: 180M

vm_info: Java HotSpot(TM) 64-Bit Server VM (20+36-2344) for windows-amd64 JRE (20+36-2344), built on 2023-02-10T19:30:15Z by "mach5one" with MS VC++ 17.1 (VS2022)

END.
